[INFO] Scanning for projects...
[INFO] 
[INFO] -----------------------< com.twilio.sdk:twilio >------------------------
[INFO] Building twilio 8.27.0
[INFO] --------------------------------[ jar ]---------------------------------
[INFO] 
[INFO] --- maven-enforcer-plugin:3.0.0:enforce (enforce-maven) @ twilio ---
[INFO] 
[INFO] --- maven-enforcer-plugin:3.0.0:enforce (enforce-versions) @ twilio ---
Downloading from central: https://repo.maven.apache.org/maven2/com/github/spotbugs/spotbugs-annotations/4.2.3/spotbugs-annotations-4.2.3.pom
Downloaded from central: https://repo.maven.apache.org/maven2/com/github/spotbugs/spotbugs-annotations/4.2.3/spotbugs-annotations-4.2.3.pom (3.1 kB at 6.0 kB/s)
Downloading from central: https://repo.maven.apache.org/maven2/joda-time/joda-time/2.10.10/joda-time-2.10.10.pom
Downloaded from central: https://repo.maven.apache.org/maven2/joda-time/joda-time/2.10.10/joda-time-2.10.10.pom (37 kB at 850 kB/s)
Downloading from central: https://repo.maven.apache.org/maven2/com/google/guava/guava/30.1.1-jre/guava-30.1.1-jre.pom
Downloaded from central: https://repo.maven.apache.org/maven2/com/google/guava/guava/30.1.1-jre/guava-30.1.1-jre.pom (12 kB at 610 kB/s)
Downloading from central: https://repo.maven.apache.org/maven2/com/google/guava/guava-parent/30.1.1-jre/guava-parent-30.1.1-jre.pom
Downloaded from central: https://repo.maven.apache.org/maven2/com/google/guava/guava-parent/30.1.1-jre/guava-parent-30.1.1-jre.pom (14 kB at 678 kB/s)
Downloading from central: https://repo.maven.apache.org/maven2/org/checkerframework/checker-qual/3.8.0/checker-qual-3.8.0.pom
Downloaded from central: https://repo.maven.apache.org/maven2/org/checkerframework/checker-qual/3.8.0/checker-qual-3.8.0.pom (2.2 kB at 187 kB/s)
Downloading from central: https://repo.maven.apache.org/maven2/com/google/errorprone/error_prone_annotations/2.5.1/error_prone_annotations-2.5.1.pom
Downloaded from central: https://repo.maven.apache.org/maven2/com/google/errorprone/error_prone_annotations/2.5.1/error_prone_annotations-2.5.1.pom (2.1 kB at 176 kB/s)
Downloading from central: https://repo.maven.apache.org/maven2/com/google/errorprone/error_prone_parent/2.5.1/error_prone_parent-2.5.1.pom
Downloaded from central: https://repo.maven.apache.org/maven2/com/google/errorprone/error_prone_parent/2.5.1/error_prone_parent-2.5.1.pom (7.0 kB at 303 kB/s)
Downloading from central: https://repo.maven.apache.org/maven2/org/openjfx/javafx-base/16/javafx-base-16.pom
Downloaded from central: https://repo.maven.apache.org/maven2/org/openjfx/javafx-base/16/javafx-base-16.pom (736 B at 57 kB/s)
Downloading from central: https://repo.maven.apache.org/maven2/org/openjfx/javafx/16/javafx-16.pom
Downloaded from central: https://repo.maven.apache.org/maven2/org/openjfx/javafx/16/javafx-16.pom (2.8 kB at 251 kB/s)
[INFO] 
[INFO] --- jacoco-maven-plugin:0.8.7:prepare-agent (prepare-agent) @ twilio ---
[INFO] argLine set to -javaagent:/home/twiix/.m2/repository/org/jacoco/org.jacoco.agent/0.8.7/org.jacoco.agent-0.8.7-runtime.jar=destfile=/home/twiix/Documents/soffan/twilio-java/target/jacoco.exec
[INFO] 
[INFO] --- maven-resources-plugin:2.6:resources (default-resources) @ twilio ---
[INFO] Using 'UTF-8' encoding to copy filtered resources.
[INFO] skip non existing resourceDirectory /home/twiix/Documents/soffan/twilio-java/src/main/resources
[INFO] 
[INFO] --- maven-compiler-plugin:3.8.1:compile (default-compile) @ twilio ---
[INFO] Changes detected - recompiling the module!
[INFO] Compiling 1909 source files to /home/twiix/Documents/soffan/twilio-java/target/classes
[WARNING] bootstrap class path not set in conjunction with -source 8
[WARNING] /home/twiix/Documents/soffan/twilio-java/src/main/java/com/twilio/jwt/Jwt.java:[77,17] signWith(io.jsonwebtoken.SignatureAlgorithm,java.security.Key) in io.jsonwebtoken.JwtBuilder has been deprecated
[INFO] /home/twiix/Documents/soffan/twilio-java/src/main/java/com/twilio/twiml/TwiML.java: Some input files use unchecked or unsafe operations.
[INFO] /home/twiix/Documents/soffan/twilio-java/src/main/java/com/twilio/twiml/TwiML.java: Recompile with -Xlint:unchecked for details.
[INFO] 
[INFO] --- maven-resources-plugin:2.6:testResources (default-testResources) @ twilio ---
[INFO] Using 'UTF-8' encoding to copy filtered resources.
[INFO] Copying 1 resource
[INFO] 
[INFO] --- maven-compiler-plugin:3.8.1:testCompile (default-testCompile) @ twilio ---
[INFO] Changes detected - recompiling the module!
[INFO] Compiling 517 source files to /home/twiix/Documents/soffan/twilio-java/target/test-classes
[WARNING] bootstrap class path not set in conjunction with -source 8
[WARNING] /home/twiix/Documents/soffan/twilio-java/src/test/java/com/twilio/rest/api/v2010/account/incomingphonenumber/MobileTest.java:[21,14] mockit.NonStrictExpectations in mockit has been deprecated
[WARNING] /home/twiix/Documents/soffan/twilio-java/src/test/java/com/twilio/TwilioTest.java:[19,14] mockit.NonStrictExpectations in mockit has been deprecated
[WARNING] /home/twiix/Documents/soffan/twilio-java/src/test/java/com/twilio/rest/ipmessaging/v1/service/UserTest.java:[21,14] mockit.NonStrictExpectations in mockit has been deprecated
[WARNING] /home/twiix/Documents/soffan/twilio-java/src/test/java/com/twilio/rest/insights/v1/call/MetricTest.java:[21,14] mockit.NonStrictExpectations in mockit has been deprecated
[WARNING] /home/twiix/Documents/soffan/twilio-java/src/test/java/com/twilio/rest/events/v1/SchemaTest.java:[21,14] mockit.NonStrictExpectations in mockit has been deprecated
[WARNING] /home/twiix/Documents/soffan/twilio-java/src/test/java/com/twilio/rest/voice/v1/dialingpermissions/CountryTest.java:[21,14] mockit.NonStrictExpectations in mockit has been deprecated
[WARNING] /home/twiix/Documents/soffan/twilio-java/src/test/java/com/twilio/rest/chat/v2/service/channel/MessageTest.java:[21,14] mockit.NonStrictExpectations in mockit has been deprecated
[WARNING] /home/twiix/Documents/soffan/twilio-java/src/test/java/com/twilio/rest/api/v2010/account/usage/record/DailyTest.java:[21,14] mockit.NonStrictExpectations in mockit has been deprecated
[WARNING] /home/twiix/Documents/soffan/twilio-java/src/test/java/com/twilio/rest/insights/v1/ConferenceTest.java:[21,14] mockit.NonStrictExpectations in mockit has been deprecated
[WARNING] /home/twiix/Documents/soffan/twilio-java/src/test/java/com/twilio/rest/serverless/v1/service/FunctionTest.java:[21,14] mockit.NonStrictExpectations in mockit has been deprecated
[WARNING] /home/twiix/Documents/soffan/twilio-java/src/test/java/com/twilio/rest/ipmessaging/v1/CredentialTest.java:[21,14] mockit.NonStrictExpectations in mockit has been deprecated
[WARNING] /home/twiix/Documents/soffan/twilio-java/src/test/java/com/twilio/rest/verify/v2/service/MessagingConfigurationTest.java:[21,14] mockit.NonStrictExpectations in mockit has been deprecated
[WARNING] /home/twiix/Documents/soffan/twilio-java/src/test/java/com/twilio/rest/api/v2010/account/TranscriptionTest.java:[21,14] mockit.NonStrictExpectations in mockit has been deprecated
[WARNING] /home/twiix/Documents/soffan/twilio-java/src/test/java/com/twilio/rest/trunking/v1/TrunkTest.java:[21,14] mockit.NonStrictExpectations in mockit has been deprecated
[WARNING] /home/twiix/Documents/soffan/twilio-java/src/test/java/com/twilio/rest/serverless/v1/service/environment/VariableTest.java:[21,14] mockit.NonStrictExpectations in mockit has been deprecated
[WARNING] /home/twiix/Documents/soffan/twilio-java/src/test/java/com/twilio/rest/supersim/v1/NetworkAccessProfileTest.java:[21,14] mockit.NonStrictExpectations in mockit has been deprecated
[WARNING] /home/twiix/Documents/soffan/twilio-java/src/test/java/com/twilio/rest/supersim/v1/UsageRecordTest.java:[21,14] mockit.NonStrictExpectations in mockit has been deprecated
[WARNING] /home/twiix/Documents/soffan/twilio-java/src/test/java/com/twilio/rest/preview/trustedComms/BrandsInformationTest.java:[21,14] mockit.NonStrictExpectations in mockit has been deprecated
[WARNING] /home/twiix/Documents/soffan/twilio-java/src/test/java/com/twilio/rest/preview/trustedComms/CurrentCallTest.java:[21,14] mockit.NonStrictExpectations in mockit has been deprecated
[WARNING] /home/twiix/Documents/soffan/twilio-java/src/test/java/com/twilio/rest/media/v1/MediaProcessorTest.java:[21,14] mockit.NonStrictExpectations in mockit has been deprecated
[WARNING] /home/twiix/Documents/soffan/twilio-java/src/test/java/com/twilio/rest/conversations/v1/service/ConversationTest.java:[21,14] mockit.NonStrictExpectations in mockit has been deprecated
[WARNING] /home/twiix/Documents/soffan/twilio-java/src/test/java/com/twilio/rest/proxy/v1/service/ShortCodeTest.java:[21,14] mockit.NonStrictExpectations in mockit has been deprecated
[WARNING] /home/twiix/Documents/soffan/twilio-java/src/test/java/com/twilio/rest/flexapi/v1/ChannelTest.java:[21,14] mockit.NonStrictExpectations in mockit has been deprecated
[WARNING] /home/twiix/Documents/soffan/twilio-java/src/test/java/com/twilio/rest/taskrouter/v1/workspace/ActivityTest.java:[21,14] mockit.NonStrictExpectations in mockit has been deprecated
[WARNING] /home/twiix/Documents/soffan/twilio-java/src/test/java/com/twilio/rest/serverless/v1/service/BuildTest.java:[21,14] mockit.NonStrictExpectations in mockit has been deprecated
[WARNING] /home/twiix/Documents/soffan/twilio-java/src/test/java/com/twilio/rest/conversations/v1/RoleTest.java:[21,14] mockit.NonStrictExpectations in mockit has been deprecated
[WARNING] /home/twiix/Documents/soffan/twilio-java/src/test/java/com/twilio/rest/api/v2010/account/call/FeedbackSummaryTest.java:[21,14] mockit.NonStrictExpectations in mockit has been deprecated
[WARNING] /home/twiix/Documents/soffan/twilio-java/src/test/java/com/twilio/rest/conversations/v1/configuration/WebhookTest.java:[21,14] mockit.NonStrictExpectations in mockit has been deprecated
[WARNING] /home/twiix/Documents/soffan/twilio-java/src/test/java/com/twilio/rest/sync/v1/service/synclist/SyncListPermissionTest.java:[21,14] mockit.NonStrictExpectations in mockit has been deprecated
[WARNING] /home/twiix/Documents/soffan/twilio-java/src/test/java/com/twilio/rest/api/v2010/account/KeyTest.java:[21,14] mockit.NonStrictExpectations in mockit has been deprecated
[WARNING] /home/twiix/Documents/soffan/twilio-java/src/test/java/com/twilio/rest/serverless/v1/service/EnvironmentTest.java:[21,14] mockit.NonStrictExpectations in mockit has been deprecated
[WARNING] /home/twiix/Documents/soffan/twilio-java/src/test/java/com/twilio/rest/numbers/v2/regulatorycompliance/EndUserTest.java:[21,14] mockit.NonStrictExpectations in mockit has been deprecated
[WARNING] /home/twiix/Documents/soffan/twilio-java/src/test/java/com/twilio/rest/api/v2010/account/ValidationRequestTest.java:[21,14] mockit.NonStrictExpectations in mockit has been deprecated
[WARNING] /home/twiix/Documents/soffan/twilio-java/src/test/java/com/twilio/rest/api/v2010/account/conference/ParticipantTest.java:[21,14] mockit.NonStrictExpectations in mockit has been deprecated
[WARNING] /home/twiix/Documents/soffan/twilio-java/src/test/java/com/twilio/rest/api/v2010/account/call/SiprecTest.java:[21,14] mockit.NonStrictExpectations in mockit has been deprecated
[WARNING] /home/twiix/Documents/soffan/twilio-java/src/test/java/com/twilio/rest/api/v2010/account/sip/domain/authtypes/authtypecalls/AuthCallsCredentialListMappingTest.java:[21,14] mockit.NonStrictExpectations in mockit has been deprecated
[WARNING] /home/twiix/Documents/soffan/twilio-java/src/test/java/com/twilio/rest/taskrouter/v1/workspace/taskqueue/TaskQueueRealTimeStatisticsTest.java:[21,14] mockit.NonStrictExpectations in mockit has been deprecated
[WARNING] /home/twiix/Documents/soffan/twilio-java/src/test/java/com/twilio/rest/ipmessaging/v2/service/BindingTest.java:[21,14] mockit.NonStrictExpectations in mockit has been deprecated
[WARNING] /home/twiix/Documents/soffan/twilio-java/src/test/java/com/twilio/rest/taskrouter/v1/workspace/TaskTest.java:[21,14] mockit.NonStrictExpectations in mockit has been deprecated
[WARNING] /home/twiix/Documents/soffan/twilio-java/src/test/java/com/twilio/rest/api/v2010/account/usage/record/LastMonthTest.java:[21,14] mockit.NonStrictExpectations in mockit has been deprecated
[WARNING] /home/twiix/Documents/soffan/twilio-java/src/test/java/com/twilio/rest/studio/v1/flow/engagement/step/StepContextTest.java:[21,14] mockit.NonStrictExpectations in mockit has been deprecated
[WARNING] /home/twiix/Documents/soffan/twilio-java/src/test/java/com/twilio/rest/pricing/v2/CountryTest.java:[21,14] mockit.NonStrictExpectations in mockit has been deprecated
[WARNING] /home/twiix/Documents/soffan/twilio-java/src/test/java/com/twilio/rest/wireless/v1/SimTest.java:[21,14] mockit.NonStrictExpectations in mockit has been deprecated
[WARNING] /home/twiix/Documents/soffan/twilio-java/src/test/java/com/twilio/rest/api/v2010/account/address/DependentPhoneNumberTest.java:[21,14] mockit.NonStrictExpectations in mockit has been deprecated
[WARNING] /home/twiix/Documents/soffan/twilio-java/src/test/java/com/twilio/rest/api/v2010/account/sip/domain/IpAccessControlListMappingTest.java:[21,14] mockit.NonStrictExpectations in mockit has been deprecated
[WARNING] /home/twiix/Documents/soffan/twilio-java/src/test/java/com/twilio/rest/ipmessaging/v2/service/channel/MemberTest.java:[21,14] mockit.NonStrictExpectations in mockit has been deprecated
[WARNING] /home/twiix/Documents/soffan/twilio-java/src/test/java/com/twilio/rest/accounts/v1/SecondaryAuthTokenTest.java:[21,14] mockit.NonStrictExpectations in mockit has been deprecated
[WARNING] /home/twiix/Documents/soffan/twilio-java/src/test/java/com/twilio/rest/pricing/v1/voice/CountryTest.java:[21,14] mockit.NonStrictExpectations in mockit has been deprecated
[WARNING] /home/twiix/Documents/soffan/twilio-java/src/test/java/com/twilio/rest/ipmessaging/v1/service/user/UserChannelTest.java:[21,14] mockit.NonStrictExpectations in mockit has been deprecated
[WARNING] /home/twiix/Documents/soffan/twilio-java/src/test/java/com/twilio/rest/trusthub/v1/EndUserTest.java:[21,14] mockit.NonStrictExpectations in mockit has been deprecated
[WARNING] /home/twiix/Documents/soffan/twilio-java/src/test/java/com/twilio/rest/insights/v1/call/EventTest.java:[21,14] mockit.NonStrictExpectations in mockit has been deprecated
[WARNING] /home/twiix/Documents/soffan/twilio-java/src/test/java/com/twilio/rest/chat/v1/service/channel/InviteTest.java:[21,14] mockit.NonStrictExpectations in mockit has been deprecated
[WARNING] /home/twiix/Documents/soffan/twilio-java/src/test/java/com/twilio/rest/chat/v1/ServiceTest.java:[21,14] mockit.NonStrictExpectations in mockit has been deprecated
[WARNING] /home/twiix/Documents/soffan/twilio-java/src/test/java/com/twilio/rest/verify/v2/service/WebhookTest.java:[21,14] mockit.NonStrictExpectations in mockit has been deprecated
[WARNING] /home/twiix/Documents/soffan/twilio-java/src/test/java/com/twilio/rest/chat/v2/service/BindingTest.java:[21,14] mockit.NonStrictExpectations in mockit has been deprecated
[WARNING] /home/twiix/Documents/soffan/twilio-java/src/test/java/com/twilio/rest/api/v2010/account/availablephonenumbercountry/NationalTest.java:[21,14] mockit.NonStrictExpectations in mockit has been deprecated
[WARNING] /home/twiix/Documents/soffan/twilio-java/src/test/java/com/twilio/rest/verify/v2/service/entity/NewFactorTest.java:[21,14] mockit.NonStrictExpectations in mockit has been deprecated
[WARNING] /home/twiix/Documents/soffan/twilio-java/src/test/java/com/twilio/rest/ipmessaging/v1/service/RoleTest.java:[21,14] mockit.NonStrictExpectations in mockit has been deprecated
[WARNING] /home/twiix/Documents/soffan/twilio-java/src/test/java/com/twilio/rest/fax/v1/fax/FaxMediaTest.java:[21,14] mockit.NonStrictExpectations in mockit has been deprecated
[WARNING] /home/twiix/Documents/soffan/twilio-java/src/test/java/com/twilio/rest/preview/deployedDevices/fleet/KeyTest.java:[21,14] mockit.NonStrictExpectations in mockit has been deprecated
[WARNING] /home/twiix/Documents/soffan/twilio-java/src/test/java/com/twilio/rest/api/v2010/account/sip/domain/CredentialListMappingTest.java:[21,14] mockit.NonStrictExpectations in mockit has been deprecated
[WARNING] /home/twiix/Documents/soffan/twilio-java/src/test/java/com/twilio/rest/video/v1/room/participant/SubscribedTrackTest.java:[21,14] mockit.NonStrictExpectations in mockit has been deprecated
[WARNING] /home/twiix/Documents/soffan/twilio-java/src/test/java/com/twilio/rest/preview/sync/service/synclist/SyncListPermissionTest.java:[21,14] mockit.NonStrictExpectations in mockit has been deprecated
[WARNING] /home/twiix/Documents/soffan/twilio-java/src/test/java/com/twilio/rest/autopilot/v1/assistant/ModelBuildTest.java:[21,14] mockit.NonStrictExpectations in mockit has been deprecated
[WARNING] /home/twiix/Documents/soffan/twilio-java/src/test/java/com/twilio/rest/preview/bulkExports/ExportTest.java:[21,14] mockit.NonStrictExpectations in mockit has been deprecated
[WARNING] /home/twiix/Documents/soffan/twilio-java/src/test/java/com/twilio/rest/notify/v1/service/BindingTest.java:[21,14] mockit.NonStrictExpectations in mockit has been deprecated
[WARNING] /home/twiix/Documents/soffan/twilio-java/src/test/java/com/twilio/rest/messaging/v1/service/UsAppToPersonUsecaseTest.java:[21,14] mockit.NonStrictExpectations in mockit has been deprecated
[WARNING] /home/twiix/Documents/soffan/twilio-java/src/test/java/com/twilio/rest/chat/v1/service/channel/MemberTest.java:[21,14] mockit.NonStrictExpectations in mockit has been deprecated
[WARNING] /home/twiix/Documents/soffan/twilio-java/src/test/java/com/twilio/rest/video/v1/room/RoomRecordingTest.java:[21,14] mockit.NonStrictExpectations in mockit has been deprecated
[WARNING] /home/twiix/Documents/soffan/twilio-java/src/test/java/com/twilio/rest/api/v2010/account/availablephonenumbercountry/MobileTest.java:[21,14] mockit.NonStrictExpectations in mockit has been deprecated
[WARNING] /home/twiix/Documents/soffan/twilio-java/src/test/java/com/twilio/rest/conversations/v1/service/conversation/message/DeliveryReceiptTest.java:[21,14] mockit.NonStrictExpectations in mockit has been deprecated
[WARNING] /home/twiix/Documents/soffan/twilio-java/src/test/java/com/twilio/rest/ipmessaging/v2/service/channel/MessageTest.java:[21,14] mockit.NonStrictExpectations in mockit has been deprecated
[WARNING] /home/twiix/Documents/soffan/twilio-java/src/test/java/com/twilio/rest/preview/understand/assistant/task/FieldTest.java:[21,14] mockit.NonStrictExpectations in mockit has been deprecated
[WARNING] /home/twiix/Documents/soffan/twilio-java/src/test/java/com/twilio/rest/video/v1/RoomTest.java:[21,14] mockit.NonStrictExpectations in mockit has been deprecated
[WARNING] /home/twiix/Documents/soffan/twilio-java/src/test/java/com/twilio/rest/messaging/v1/UsecaseTest.java:[21,14] mockit.NonStrictExpectations in mockit has been deprecated
[WARNING] /home/twiix/Documents/soffan/twilio-java/src/test/java/com/twilio/rest/supersim/v1/EsimProfileTest.java:[21,14] mockit.NonStrictExpectations in mockit has been deprecated
[WARNING] /home/twiix/Documents/soffan/twilio-java/src/test/java/com/twilio/rest/numbers/v2/regulatorycompliance/bundle/ItemAssignmentTest.java:[21,14] mockit.NonStrictExpectations in mockit has been deprecated
[WARNING] /home/twiix/Documents/soffan/twilio-java/src/test/java/com/twilio/rest/flexapi/v1/FlexFlowTest.java:[21,14] mockit.NonStrictExpectations in mockit has been deprecated
[WARNING] /home/twiix/Documents/soffan/twilio-java/src/test/java/com/twilio/rest/conversations/v1/service/conversation/ParticipantTest.java:[21,14] mockit.NonStrictExpectations in mockit has been deprecated
[WARNING] /home/twiix/Documents/soffan/twilio-java/src/test/java/com/twilio/rest/pricing/v2/voice/NumberTest.java:[21,14] mockit.NonStrictExpectations in mockit has been deprecated
[WARNING] /home/twiix/Documents/soffan/twilio-java/src/test/java/com/twilio/rest/video/v1/CompositionHookTest.java:[21,14] mockit.NonStrictExpectations in mockit has been deprecated
[WARNING] /home/twiix/Documents/soffan/twilio-java/src/test/java/com/twilio/rest/voice/v1/ArchivedCallTest.java:[21,14] mockit.NonStrictExpectations in mockit has been deprecated
[WARNING] /home/twiix/Documents/soffan/twilio-java/src/test/java/com/twilio/rest/verify/v2/service/entity/challenge/NotificationTest.java:[21,14] mockit.NonStrictExpectations in mockit has been deprecated
[WARNING] /home/twiix/Documents/soffan/twilio-java/src/test/java/com/twilio/rest/pricing/v1/phonenumber/CountryTest.java:[21,14] mockit.NonStrictExpectations in mockit has been deprecated
[WARNING] /home/twiix/Documents/soffan/twilio-java/src/test/java/com/twilio/rest/voice/v1/IpRecordTest.java:[21,14] mockit.NonStrictExpectations in mockit has been deprecated
[WARNING] /home/twiix/Documents/soffan/twilio-java/src/test/java/com/twilio/rest/trusthub/v1/customerprofiles/CustomerProfilesEvaluationsTest.java:[21,14] mockit.NonStrictExpectations in mockit has been deprecated
[WARNING] /home/twiix/Documents/soffan/twilio-java/src/test/java/com/twilio/rest/trusthub/v1/trustproducts/TrustProductsEvaluationsTest.java:[21,14] mockit.NonStrictExpectations in mockit has been deprecated
[WARNING] /home/twiix/Documents/soffan/twilio-java/src/test/java/com/twilio/rest/video/v1/room/ParticipantTest.java:[21,14] mockit.NonStrictExpectations in mockit has been deprecated
[WARNING] /home/twiix/Documents/soffan/twilio-java/src/test/java/com/twilio/rest/autopilot/v1/assistant/DefaultsTest.java:[21,14] mockit.NonStrictExpectations in mockit has been deprecated
[WARNING] /home/twiix/Documents/soffan/twilio-java/src/test/java/com/twilio/rest/autopilot/v1/assistant/FieldTypeTest.java:[21,14] mockit.NonStrictExpectations in mockit has been deprecated
[WARNING] /home/twiix/Documents/soffan/twilio-java/src/test/java/com/twilio/rest/api/v2010/AccountTest.java:[21,14] mockit.NonStrictExpectations in mockit has been deprecated
[WARNING] /home/twiix/Documents/soffan/twilio-java/src/test/java/com/twilio/rest/events/v1/SubscriptionTest.java:[21,14] mockit.NonStrictExpectations in mockit has been deprecated
[WARNING] /home/twiix/Documents/soffan/twilio-java/src/test/java/com/twilio/rest/taskrouter/v1/workspace/workflow/WorkflowRealTimeStatisticsTest.java:[21,14] mockit.NonStrictExpectations in mockit has been deprecated
[WARNING] /home/twiix/Documents/soffan/twilio-java/src/test/java/com/twilio/rest/api/v2010/account/AuthorizedConnectAppTest.java:[21,14] mockit.NonStrictExpectations in mockit has been deprecated
[WARNING] /home/twiix/Documents/soffan/twilio-java/src/test/java/com/twilio/rest/trunking/v1/trunk/RecordingTest.java:[21,14] mockit.NonStrictExpectations in mockit has been deprecated
[WARNING] /home/twiix/Documents/soffan/twilio-java/src/test/java/com/twilio/rest/trusthub/v1/trustproducts/TrustProductsEntityAssignmentsTest.java:[21,14] mockit.NonStrictExpectations in mockit has been deprecated
[WARNING] /home/twiix/Documents/soffan/twilio-java/src/test/java/com/twilio/rest/api/v2010/account/conference/RecordingTest.java:[21,14] mockit.NonStrictExpectations in mockit has been deprecated
[WARNING] /home/twiix/Documents/soffan/twilio-java/src/test/java/com/twilio/rest/sync/v1/service/syncmap/SyncMapItemTest.java:[21,14] mockit.NonStrictExpectations in mockit has been deprecated
[WARNING] /home/twiix/Documents/soffan/twilio-java/src/test/java/com/twilio/rest/autopilot/v1/assistant/task/SampleTest.java:[21,14] mockit.NonStrictExpectations in mockit has been deprecated
[INFO] /home/twiix/Documents/soffan/twilio-java/src/test/java/com/twilio/rest/api/v2010/account/incomingphonenumber/MobileTest.java: Some input files additionally use or override a deprecated API.
[INFO] /home/twiix/Documents/soffan/twilio-java/src/test/java/com/twilio/jwt/taskrouter/TaskRouterCapabilityTest.java: Some input files use unchecked or unsafe operations.
[INFO] /home/twiix/Documents/soffan/twilio-java/src/test/java/com/twilio/jwt/taskrouter/TaskRouterCapabilityTest.java: Recompile with -Xlint:unchecked for details.
[INFO] 
[INFO] --- maven-surefire-plugin:3.0.0-M4:test (default-test) @ twilio ---
Downloading from central: https://repo.maven.apache.org/maven2/org/apache/maven/surefire/surefire-junit4/3.0.0-M4/surefire-junit4-3.0.0-M4.jar
Downloaded from central: https://repo.maven.apache.org/maven2/org/apache/maven/surefire/surefire-junit4/3.0.0-M4/surefire-junit4-3.0.0-M4.jar (17 kB at 136 kB/s)
Downloading from central: https://repo.maven.apache.org/maven2/org/apache/maven/surefire/surefire-junit4/3.0.0-M4/surefire-junit4-3.0.0-M4.pom
Downloaded from central: https://repo.maven.apache.org/maven2/org/apache/maven/surefire/surefire-junit4/3.0.0-M4/surefire-junit4-3.0.0-M4.pom (2.9 kB at 120 kB/s)
Downloading from central: https://repo.maven.apache.org/maven2/org/apache/maven/surefire/surefire-providers/3.0.0-M4/surefire-providers-3.0.0-M4.pom
Downloaded from central: https://repo.maven.apache.org/maven2/org/apache/maven/surefire/surefire-providers/3.0.0-M4/surefire-providers-3.0.0-M4.pom (2.5 kB at 82 kB/s)
Downloading from central: https://repo.maven.apache.org/maven2/junit/junit/4.0/junit-4.0.pom
Downloaded from central: https://repo.maven.apache.org/maven2/junit/junit/4.0/junit-4.0.pom (210 B at 8.1 kB/s)
Downloading from central: https://repo.maven.apache.org/maven2/org/apache/maven/surefire/common-junit4/3.0.0-M4/common-junit4-3.0.0-M4.pom
Downloaded from central: https://repo.maven.apache.org/maven2/org/apache/maven/surefire/common-junit4/3.0.0-M4/common-junit4-3.0.0-M4.pom (2.9 kB at 147 kB/s)
Downloading from central: https://repo.maven.apache.org/maven2/org/apache/maven/surefire/common-junit3/3.0.0-M4/common-junit3-3.0.0-M4.pom
Downloaded from central: https://repo.maven.apache.org/maven2/org/apache/maven/surefire/common-junit3/3.0.0-M4/common-junit3-3.0.0-M4.pom (2.6 kB at 108 kB/s)
Downloading from central: https://repo.maven.apache.org/maven2/org/apache/maven/surefire/common-java5/3.0.0-M4/common-java5-3.0.0-M4.pom
Downloaded from central: https://repo.maven.apache.org/maven2/org/apache/maven/surefire/common-java5/3.0.0-M4/common-java5-3.0.0-M4.pom (3.8 kB at 139 kB/s)
Downloading from central: https://repo.maven.apache.org/maven2/org/hamcrest/hamcrest-library/1.3/hamcrest-library-1.3.pom
Downloaded from central: https://repo.maven.apache.org/maven2/org/hamcrest/hamcrest-library/1.3/hamcrest-library-1.3.pom (820 B at 25 kB/s)
Downloading from central: https://repo.maven.apache.org/maven2/org/easytesting/fest-assert/1.4/fest-assert-1.4.pom
Downloaded from central: https://repo.maven.apache.org/maven2/org/easytesting/fest-assert/1.4/fest-assert-1.4.pom (2.4 kB at 103 kB/s)
Downloading from central: https://repo.maven.apache.org/maven2/org/easytesting/fest/1.0.8/fest-1.0.8.pom
Downloaded from central: https://repo.maven.apache.org/maven2/org/easytesting/fest/1.0.8/fest-1.0.8.pom (12 kB at 432 kB/s)
Downloading from central: https://repo.maven.apache.org/maven2/org/easytesting/fest-util/1.1.6/fest-util-1.1.6.pom
Downloaded from central: https://repo.maven.apache.org/maven2/org/easytesting/fest-util/1.1.6/fest-util-1.1.6.pom (1.6 kB at 120 kB/s)
Downloading from central: https://repo.maven.apache.org/maven2/org/apache/maven/surefire/common-java5/3.0.0-M4/common-java5-3.0.0-M4.jar
Downloading from central: https://repo.maven.apache.org/maven2/org/apache/maven/surefire/common-junit3/3.0.0-M4/common-junit3-3.0.0-M4.jar
Downloading from central: https://repo.maven.apache.org/maven2/org/apache/maven/surefire/common-junit4/3.0.0-M4/common-junit4-3.0.0-M4.jar
Downloaded from central: https://repo.maven.apache.org/maven2/org/apache/maven/surefire/common-java5/3.0.0-M4/common-java5-3.0.0-M4.jar (33 kB at 741 kB/s)
Downloaded from central: https://repo.maven.apache.org/maven2/org/apache/maven/surefire/common-junit4/3.0.0-M4/common-junit4-3.0.0-M4.jar (27 kB at 259 kB/s)
Downloaded from central: https://repo.maven.apache.org/maven2/org/apache/maven/surefire/common-junit3/3.0.0-M4/common-junit3-3.0.0-M4.jar (12 kB at 58 kB/s)
[INFO] 
[INFO] -------------------------------------------------------
[INFO]  T E S T S
[INFO] -------------------------------------------------------
[INFO] Running com.twilio.converter.PromoterTest
[INFO] Running com.twilio.converter.DateConverterTest
[INFO] Running com.twilio.converter.CurrencyDeserializerTest
[INFO] Running com.twilio.converter.PrefixedCollapsibleMapTest
[INFO] Running com.twilio.type.InboundSmsPriceTest
[INFO] Tests run: 4, Failures: 0, Errors: 0, Skipped: 0, Time elapsed: 1.209 s - in com.twilio.converter.PromoterTest
[INFO] Running com.twilio.type.PhoneNumberCapabilitiesTest
[INFO] Running com.twilio.type.InboundCallPriceTest
[INFO] Tests run: 4, Failures: 0, Errors: 0, Skipped: 0, Time elapsed: 0.975 s - in com.twilio.converter.PrefixedCollapsibleMapTest
[INFO] Running com.twilio.type.OutboundCallPriceTest
[INFO] Running com.twilio.type.OutboundSmsPriceTest
[INFO] Tests run: 10, Failures: 0, Errors: 0, Skipped: 0, Time elapsed: 1.536 s - in com.twilio.converter.DateConverterTest
[INFO] Running com.twilio.type.OutboundPrefixPriceTest
[INFO] Running com.twilio.type.IceServerTest
[INFO] Tests run: 1, Failures: 0, Errors: 0, Skipped: 0, Time elapsed: 5.255 s - in com.twilio.type.OutboundCallPriceTest
[INFO] Running com.twilio.type.RecordingRuleTest
[INFO] Tests run: 2, Failures: 0, Errors: 0, Skipped: 0, Time elapsed: 6.58 s - in com.twilio.converter.CurrencyDeserializerTest
[INFO] Running com.twilio.type.ClientTest
[INFO] Tests run: 1, Failures: 0, Errors: 0, Skipped: 0, Time elapsed: 0.066 s - in com.twilio.type.ClientTest
[INFO] Running com.twilio.type.FeedbackIssueTest
[INFO] Tests run: 3, Failures: 0, Errors: 0, Skipped: 0, Time elapsed: 6.153 s - in com.twilio.type.InboundCallPriceTest
[INFO] Running com.twilio.type.PhoneNumberPriceTest
[INFO] Tests run: 1, Failures: 0, Errors: 0, Skipped: 0, Time elapsed: 0.425 s - in com.twilio.type.FeedbackIssueTest
[INFO] Running com.twilio.type.SubscribeRuleTest
[INFO] Tests run: 2, Failures: 0, Errors: 0, Skipped: 0, Time elapsed: 0.144 s - in com.twilio.type.PhoneNumberPriceTest
[INFO] Running com.twilio.compliance.ComplianceTest
[INFO] Tests run: 5, Failures: 0, Errors: 0, Skipped: 0, Time elapsed: 0.899 s - in com.twilio.type.RecordingRuleTest
[INFO] Tests run: 2, Failures: 0, Errors: 0, Skipped: 0, Time elapsed: 7.03 s - in com.twilio.type.InboundSmsPriceTest
[INFO] Running com.twilio.jwt.validation.RequestCanonicalizerTest
[INFO] Running com.twilio.jwt.validation.ValidationTokenTest
SLF4J: Failed to load class "org.slf4j.impl.StaticLoggerBinder".
SLF4J: Defaulting to no-operation (NOP) logger implementation
SLF4J: See http://www.slf4j.org/codes.html#StaticLoggerBinder for further details.
[INFO] Tests run: 1, Failures: 0, Errors: 0, Skipped: 0, Time elapsed: 6.399 s - in com.twilio.type.IceServerTest
[INFO] Tests run: 2, Failures: 0, Errors: 0, Skipped: 0, Time elapsed: 7.006 s - in com.twilio.type.PhoneNumberCapabilitiesTest
[INFO] Running com.twilio.jwt.client.EventStreamScopeTest
[INFO] Tests run: 1, Failures: 0, Errors: 0, Skipped: 0, Time elapsed: 6.434 s - in com.twilio.type.OutboundPrefixPriceTest
[INFO] Running com.twilio.jwt.accesstoken.AccessTokenTest
[INFO] Running com.twilio.jwt.client.ClientCapabilityTest
[INFO] Tests run: 1, Failures: 0, Errors: 0, Skipped: 0, Time elapsed: 0.066 s - in com.twilio.jwt.client.EventStreamScopeTest
[INFO] Running com.twilio.jwt.client.IncomingClientScopeTest
[INFO] Tests run: 1, Failures: 0, Errors: 0, Skipped: 0, Time elapsed: 6.656 s - in com.twilio.type.OutboundSmsPriceTest
[INFO] Running com.twilio.jwt.client.OutgoingClientScopeTest
[INFO] Tests run: 1, Failures: 0, Errors: 0, Skipped: 0, Time elapsed: 0.022 s - in com.twilio.jwt.client.OutgoingClientScopeTest
[INFO] Running com.twilio.jwt.taskrouter.PolicyTest
[INFO] Tests run: 1, Failures: 0, Errors: 0, Skipped: 0, Time elapsed: 0.063 s - in com.twilio.jwt.client.IncomingClientScopeTest
[INFO] Running com.twilio.jwt.taskrouter.TaskRouterCapabilityTest
[INFO] Tests run: 20, Failures: 0, Errors: 0, Skipped: 0, Time elapsed: 0.605 s - in com.twilio.jwt.validation.RequestCanonicalizerTest
[INFO] Running com.twilio.jwt.taskrouter.PolicyUtilsTest
[INFO] Tests run: 1, Failures: 0, Errors: 0, Skipped: 0, Time elapsed: 0.128 s - in com.twilio.jwt.taskrouter.PolicyTest
[INFO] Tests run: 2, Failures: 0, Errors: 0, Skipped: 0, Time elapsed: 0.057 s - in com.twilio.jwt.taskrouter.PolicyUtilsTest
[INFO] Running com.twilio.TwilioTest
[INFO] Running com.twilio.jwt.taskrouter.UrlUtilsTest
[INFO] Tests run: 18, Failures: 0, Errors: 0, Skipped: 0, Time elapsed: 0.171 s - in com.twilio.jwt.taskrouter.UrlUtilsTest
[INFO] Running com.twilio.base.ReaderTest
[INFO] Tests run: 5, Failures: 0, Errors: 0, Skipped: 0, Time elapsed: 1.117 s - in com.twilio.type.SubscribeRuleTest
[INFO] Running com.twilio.http.RequestTest
SLF4J: Failed to load class "org.slf4j.impl.StaticLoggerBinder".
SLF4J: Defaulting to no-operation (NOP) logger implementation
SLF4J: See http://www.slf4j.org/codes.html#StaticLoggerBinder for further details.
SLF4J: Failed to load class "org.slf4j.impl.StaticLoggerBinder".
SLF4J: Defaulting to no-operation (NOP) logger implementation
SLF4J: See http://www.slf4j.org/codes.html#StaticLoggerBinder for further details.
[INFO] Tests run: 31, Failures: 0, Errors: 0, Skipped: 0, Time elapsed: 0.597 s - in com.twilio.http.RequestTest
[INFO] Running com.twilio.http.NetworkHttpClientTest
[INFO] Tests run: 2, Failures: 0, Errors: 0, Skipped: 0, Time elapsed: 1.458 s - in com.twilio.jwt.client.ClientCapabilityTest
[INFO] Running com.twilio.http.TwilioRestClientTest
SLF4J: Failed to load class "org.slf4j.impl.StaticLoggerBinder".
SLF4J: Defaulting to no-operation (NOP) logger implementation
SLF4J: See http://www.slf4j.org/codes.html#StaticLoggerBinder for further details.
[INFO] Tests run: 10, Failures: 0, Errors: 0, Skipped: 0, Time elapsed: 1.739 s - in com.twilio.TwilioTest
[INFO] Running com.twilio.http.ValidationClientTest
[INFO] Tests run: 9, Failures: 0, Errors: 0, Skipped: 0, Time elapsed: 1.849 s - in com.twilio.base.ReaderTest
[INFO] Running com.twilio.http.ResponseTest
[INFO] Tests run: 2, Failures: 0, Errors: 0, Skipped: 0, Time elapsed: 2.332 s - in com.twilio.jwt.taskrouter.TaskRouterCapabilityTest
[INFO] Running com.twilio.security.RequestValidatorTest
[INFO] Tests run: 12, Failures: 0, Errors: 0, Skipped: 0, Time elapsed: 2.534 s - in com.twilio.jwt.accesstoken.AccessTokenTest
[INFO] Running com.twilio.twiml.VoiceResponseTest
[INFO] Tests run: 3, Failures: 0, Errors: 0, Skipped: 0, Time elapsed: 0.501 s - in com.twilio.http.ResponseTest
[INFO] Running com.twilio.twiml.MessagingResponseTest
[INFO] Tests run: 11, Failures: 0, Errors: 0, Skipped: 0, Time elapsed: 0.617 s - in com.twilio.security.RequestValidatorTest
[INFO] Running com.twilio.twiml.messaging.MessageTest
SLF4J: Failed to load class "org.slf4j.impl.StaticLoggerBinder".
SLF4J: Defaulting to no-operation (NOP) logger implementation
SLF4J: See http://www.slf4j.org/codes.html#StaticLoggerBinder for further details.
SLF4J: Failed to load class "org.slf4j.impl.StaticLoggerBinder".
SLF4J: Defaulting to no-operation (NOP) logger implementation
SLF4J: See http://www.slf4j.org/codes.html#StaticLoggerBinder for further details.
[INFO] Tests run: 10, Failures: 0, Errors: 0, Skipped: 0, Time elapsed: 3.494 s - in com.twilio.twiml.MessagingResponseTest
[INFO] Running com.twilio.twiml.messaging.BodyTest
[INFO] Tests run: 2, Failures: 0, Errors: 0, Skipped: 0, Time elapsed: 0.014 s - in com.twilio.twiml.messaging.BodyTest
[INFO] Running com.twilio.twiml.messaging.RedirectTest
[INFO] Tests run: 2, Failures: 0, Errors: 0, Skipped: 0, Time elapsed: 0.053 s - in com.twilio.twiml.messaging.RedirectTest
[INFO] Running com.twilio.twiml.messaging.MediaTest
[INFO] Tests run: 11, Failures: 0, Errors: 0, Skipped: 0, Time elapsed: 3.552 s - in com.twilio.twiml.messaging.MessageTest
[INFO] Running com.twilio.twiml.fax.ReceiveTest
[INFO] Tests run: 2, Failures: 0, Errors: 0, Skipped: 0, Time elapsed: 0.125 s - in com.twilio.twiml.messaging.MediaTest
[INFO] Running com.twilio.twiml.FaxResponseTest
[INFO] Tests run: 8, Failures: 0, Errors: 0, Skipped: 0, Time elapsed: 0.195 s - in com.twilio.twiml.fax.ReceiveTest
[INFO] Running com.twilio.twiml.voice.SmsTest
[INFO] Tests run: 2, Failures: 0, Errors: 0, Skipped: 0, Time elapsed: 0.123 s - in com.twilio.twiml.voice.SmsTest
[INFO] Running com.twilio.twiml.voice.PayTest
[INFO] Tests run: 10, Failures: 0, Errors: 0, Skipped: 0, Time elapsed: 0.218 s - in com.twilio.twiml.FaxResponseTest
[INFO] Running com.twilio.twiml.voice.SsmlSTest
[INFO] Tests run: 11, Failures: 0, Errors: 0, Skipped: 0, Time elapsed: 0.543 s - in com.twilio.twiml.voice.SsmlSTest
[INFO] Tests run: 1, Failures: 0, Errors: 0, Skipped: 0, Time elapsed: 6.098 s - in com.twilio.http.TwilioRestClientTest
[INFO] Running com.twilio.twiml.voice.NumberTest
[INFO] Running com.twilio.twiml.voice.ConferenceTest
[INFO] Tests run: 11, Failures: 0, Errors: 0, Skipped: 0, Time elapsed: 0.848 s - in com.twilio.twiml.voice.PayTest
[INFO] Running com.twilio.twiml.voice.LeaveTest
[INFO] Tests run: 7, Failures: 0, Errors: 0, Skipped: 0, Time elapsed: 0.092 s - in com.twilio.twiml.voice.LeaveTest
[INFO] Tests run: 2, Failures: 0, Errors: 0, Skipped: 0, Time elapsed: 0.369 s - in com.twilio.twiml.voice.ConferenceTest
[INFO] Running com.twilio.twiml.voice.StreamTest
[INFO] Running com.twilio.twiml.voice.SsmlEmphasisTest
[INFO] Tests run: 5, Failures: 0, Errors: 0, Skipped: 0, Time elapsed: 8.551 s - in com.twilio.jwt.validation.ValidationTokenTest
[INFO] Running com.twilio.twiml.voice.StopTest
[INFO] Tests run: 11, Failures: 0, Errors: 0, Skipped: 0, Time elapsed: 0.193 s - in com.twilio.twiml.voice.SsmlEmphasisTest
[INFO] Running com.twilio.twiml.voice.EnqueueTest
[INFO] Tests run: 11, Failures: 0, Errors: 0, Skipped: 0, Time elapsed: 0.242 s - in com.twilio.twiml.voice.StreamTest
[INFO] Running com.twilio.twiml.voice.PlayTest
[INFO] Tests run: 2, Failures: 0, Errors: 0, Skipped: 0, Time elapsed: 0.131 s - in com.twilio.twiml.voice.PlayTest
[INFO] Running com.twilio.twiml.voice.AutopilotTest
[INFO] Tests run: 2, Failures: 0, Errors: 0, Skipped: 0, Time elapsed: 0.077 s - in com.twilio.twiml.voice.AutopilotTest
[INFO] Running com.twilio.twiml.voice.SiprecTest
[INFO] Tests run: 11, Failures: 0, Errors: 0, Skipped: 0, Time elapsed: 0.258 s - in com.twilio.twiml.voice.EnqueueTest
[INFO] Running com.twilio.twiml.voice.SsmlBreakTest
[INFO] Tests run: 8, Failures: 0, Errors: 0, Skipped: 0, Time elapsed: 0.154 s - in com.twilio.twiml.voice.SsmlBreakTest
[INFO] Running com.twilio.twiml.voice.SsmlLangTest
[INFO] Tests run: 11, Failures: 0, Errors: 0, Skipped: 0, Time elapsed: 0.298 s - in com.twilio.twiml.voice.SiprecTest
[INFO] Running com.twilio.twiml.voice.ClientTest
[INFO] Tests run: 11, Failures: 0, Errors: 0, Skipped: 0, Time elapsed: 0.245 s - in com.twilio.twiml.voice.SsmlLangTest
[INFO] Running com.twilio.twiml.voice.RoomTest
[INFO] Tests run: 2, Failures: 0, Errors: 0, Skipped: 0, Time elapsed: 0.059 s - in com.twilio.twiml.voice.RoomTest
[INFO] Running com.twilio.twiml.voice.SsmlSayAsTest
[INFO] Tests run: 11, Failures: 0, Errors: 0, Skipped: 0, Time elapsed: 0.25 s - in com.twilio.twiml.voice.ClientTest
[INFO] Tests run: 2, Failures: 0, Errors: 0, Skipped: 0, Time elapsed: 0.07 s - in com.twilio.twiml.voice.SsmlSayAsTest
[INFO] Running com.twilio.twiml.voice.SsmlProsodyTest
[INFO] Running com.twilio.twiml.voice.RecordTest
SLF4J: Failed to load class "org.slf4j.impl.StaticLoggerBinder".
SLF4J: Defaulting to no-operation (NOP) logger implementation
SLF4J: See http://www.slf4j.org/codes.html#StaticLoggerBinder for further details.
[INFO] Tests run: 8, Failures: 0, Errors: 0, Skipped: 0, Time elapsed: 0.158 s - in com.twilio.twiml.voice.RecordTest
[INFO] Running com.twilio.twiml.voice.IdentityTest
[INFO] Tests run: 10, Failures: 0, Errors: 0, Skipped: 0, Time elapsed: 6.665 s - in com.twilio.twiml.VoiceResponseTest
[INFO] Tests run: 11, Failures: 0, Errors: 0, Skipped: 0, Time elapsed: 0.184 s - in com.twilio.twiml.voice.SsmlProsodyTest
[INFO] Running com.twilio.twiml.voice.RejectTest
[INFO] Running com.twilio.twiml.voice.GatherTest
[INFO] Tests run: 2, Failures: 0, Errors: 0, Skipped: 0, Time elapsed: 0.087 s - in com.twilio.twiml.voice.IdentityTest
[INFO] Running com.twilio.twiml.voice.DialTest
[INFO] Tests run: 8, Failures: 0, Errors: 0, Skipped: 0, Time elapsed: 0.165 s - in com.twilio.twiml.voice.RejectTest
[INFO] Running com.twilio.twiml.voice.PauseTest
[INFO] Tests run: 11, Failures: 0, Errors: 0, Skipped: 0, Time elapsed: 0.212 s - in com.twilio.twiml.voice.GatherTest
[INFO] Running com.twilio.twiml.voice.ReferSipTest
[INFO] Tests run: 8, Failures: 0, Errors: 0, Skipped: 0, Time elapsed: 0.12 s - in com.twilio.twiml.voice.PauseTest
[INFO] Running com.twilio.twiml.voice.SayTest
[INFO] Tests run: 2, Failures: 0, Errors: 0, Skipped: 0, Time elapsed: 0.072 s - in com.twilio.twiml.voice.ReferSipTest
[INFO] Running com.twilio.twiml.voice.TaskTest
[INFO] Tests run: 2, Failures: 0, Errors: 0, Skipped: 0, Time elapsed: 0.035 s - in com.twilio.twiml.voice.TaskTest
[INFO] Running com.twilio.twiml.voice.ParameterTest
[INFO] Tests run: 11, Failures: 0, Errors: 0, Skipped: 0, Time elapsed: 0.198 s - in com.twilio.twiml.voice.SayTest
[INFO] Running com.twilio.twiml.voice.SsmlSubTest
[INFO] Tests run: 8, Failures: 0, Errors: 0, Skipped: 0, Time elapsed: 0.151 s - in com.twilio.twiml.voice.ParameterTest
[INFO] Running com.twilio.twiml.voice.RedirectTest
[INFO] Tests run: 2, Failures: 0, Errors: 0, Skipped: 0, Time elapsed: 0.063 s - in com.twilio.twiml.voice.SsmlSubTest
[INFO] Running com.twilio.twiml.voice.HangupTest
[INFO] Tests run: 2, Failures: 0, Errors: 0, Skipped: 0, Time elapsed: 0.081 s - in com.twilio.twiml.voice.RedirectTest
[INFO] Running com.twilio.twiml.voice.PromptTest
[INFO] Tests run: 7, Failures: 0, Errors: 0, Skipped: 0, Time elapsed: 0.133 s - in com.twilio.twiml.voice.HangupTest
[INFO] Running com.twilio.twiml.voice.VirtualAgentTest
[INFO] Tests run: 11, Failures: 0, Errors: 0, Skipped: 0, Time elapsed: 0.678 s - in com.twilio.twiml.voice.DialTest
[INFO] Running com.twilio.twiml.voice.SipTest
[INFO] Tests run: 8, Failures: 0, Errors: 0, Skipped: 0, Time elapsed: 0.102 s - in com.twilio.twiml.voice.VirtualAgentTest
[INFO] Running com.twilio.twiml.voice.SsmlPTest
[INFO] Tests run: 11, Failures: 0, Errors: 0, Skipped: 0, Time elapsed: 0.229 s - in com.twilio.twiml.voice.PromptTest
[INFO] Running com.twilio.twiml.voice.SsmlWTest
[INFO] Tests run: 2, Failures: 0, Errors: 0, Skipped: 0, Time elapsed: 0.092 s - in com.twilio.twiml.voice.SipTest
[INFO] Running com.twilio.twiml.voice.EchoTest
[INFO] Tests run: 11, Failures: 0, Errors: 0, Skipped: 0, Time elapsed: 0.113 s - in com.twilio.twiml.voice.SsmlPTest
[INFO] Tests run: 7, Failures: 0, Errors: 0, Skipped: 0, Time elapsed: 0.105 s - in com.twilio.twiml.voice.EchoTest
[INFO] Running com.twilio.twiml.voice.QueueTest
[INFO] Running com.twilio.twiml.voice.SimTest
[INFO] Tests run: 2, Failures: 0, Errors: 0, Skipped: 0, Time elapsed: 0.063 s - in com.twilio.twiml.voice.QueueTest
[INFO] Running com.twilio.twiml.voice.ReferTest
[INFO] Tests run: 2, Failures: 0, Errors: 0, Skipped: 0, Time elapsed: 0.043 s - in com.twilio.twiml.voice.SimTest
[INFO] Tests run: 2, Failures: 0, Errors: 0, Skipped: 0, Time elapsed: 2.684 s - in com.twilio.twiml.voice.NumberTest
[INFO] Running com.twilio.twiml.voice.StartTest
[INFO] Running com.twilio.twiml.voice.ConnectTest
[INFO] Tests run: 11, Failures: 0, Errors: 0, Skipped: 0, Time elapsed: 0.287 s - in com.twilio.twiml.voice.SsmlWTest
[INFO] Tests run: 11, Failures: 0, Errors: 0, Skipped: 0, Time elapsed: 0.085 s - in com.twilio.twiml.voice.ConnectTest
[INFO] Running com.twilio.taskrouter.WorkflowTest
[INFO] Running com.twilio.twiml.voice.SsmlPhonemeTest
[INFO] Tests run: 11, Failures: 0, Errors: 0, Skipped: 0, Time elapsed: 0.17 s - in com.twilio.twiml.voice.ReferTest
[INFO] Running com.twilio.taskrouter.WorkflowRuleTargetTest
[INFO] Tests run: 2, Failures: 0, Errors: 0, Skipped: 0, Time elapsed: 0.077 s - in com.twilio.twiml.voice.SsmlPhonemeTest
[INFO] Running com.twilio.exception.ApiExceptionTest
[INFO] Tests run: 2, Failures: 0, Errors: 0, Skipped: 0, Time elapsed: 0.065 s - in com.twilio.taskrouter.WorkflowRuleTargetTest
[INFO] Running com.twilio.rest.frontlineapi.v1.UserTest
[INFO] Tests run: 2, Failures: 0, Errors: 0, Skipped: 0, Time elapsed: 0.232 s - in com.twilio.taskrouter.WorkflowTest
[INFO] Running com.twilio.rest.supersim.v1.NetworkTest
[INFO] Tests run: 6, Failures: 0, Errors: 0, Skipped: 0, Time elapsed: 0.129 s - in com.twilio.exception.ApiExceptionTest
[INFO] Running com.twilio.rest.supersim.v1.IpCommandTest
[INFO] Tests run: 11, Failures: 0, Errors: 0, Skipped: 0, Time elapsed: 0.53 s - in com.twilio.twiml.voice.StartTest
[INFO] Running com.twilio.rest.supersim.v1.CommandTest
[INFO] Tests run: 10, Failures: 0, Errors: 0, Skipped: 0, Time elapsed: 3.724 s - in com.twilio.twiml.voice.StopTest
[INFO] Running com.twilio.rest.supersim.v1.EsimProfileTest
[INFO] Tests run: 9, Failures: 0, Errors: 0, Skipped: 0, Time elapsed: 11.232 s - in com.twilio.http.NetworkHttpClientTest
[INFO] Running com.twilio.rest.supersim.v1.FleetTest
SLF4J: Failed to load class "org.slf4j.impl.StaticLoggerBinder".
SLF4J: Defaulting to no-operation (NOP) logger implementation
SLF4J: See http://www.slf4j.org/codes.html#StaticLoggerBinder for further details.
[INFO] Tests run: 3, Failures: 0, Errors: 0, Skipped: 0, Time elapsed: 11.3 s - in com.twilio.http.ValidationClientTest
[INFO] Running com.twilio.rest.supersim.v1.sim.BillingPeriodTest
[INFO] Tests run: 4, Failures: 0, Errors: 0, Skipped: 0, Time elapsed: 4.311 s - in com.twilio.rest.supersim.v1.sim.BillingPeriodTest
[INFO] Running com.twilio.rest.supersim.v1.networkaccessprofile.NetworkAccessProfileNetworkTest
[INFO] Tests run: 4, Failures: 0, Errors: 0, Skipped: 0, Time elapsed: 7.734 s - in com.twilio.rest.frontlineapi.v1.UserTest
[INFO] Running com.twilio.rest.supersim.v1.NetworkAccessProfileTest
[INFO] Tests run: 8, Failures: 0, Errors: 0, Skipped: 0, Time elapsed: 7.657 s - in com.twilio.rest.supersim.v1.CommandTest
[INFO] Running com.twilio.rest.supersim.v1.UsageRecordTest
[INFO] Tests run: 5, Failures: 0, Errors: 0, Skipped: 0, Time elapsed: 8.023 s - in com.twilio.rest.supersim.v1.NetworkTest
[INFO] Running com.twilio.rest.supersim.v1.SimTest
[INFO] Tests run: 10, Failures: 0, Errors: 0, Skipped: 0, Time elapsed: 11.138 s - in com.twilio.rest.supersim.v1.EsimProfileTest
[INFO] Running com.twilio.rest.supersim.v1.SmsCommandTest
[INFO] Tests run: 8, Failures: 0, Errors: 0, Skipped: 0, Time elapsed: 12.438 s - in com.twilio.rest.supersim.v1.IpCommandTest
[INFO] Running com.twilio.rest.wireless.v1.RatePlanTest
[INFO] Tests run: 9, Failures: 0, Errors: 0, Skipped: 0, Time elapsed: 11.399 s - in com.twilio.rest.supersim.v1.FleetTest
[INFO] Running com.twilio.rest.wireless.v1.CommandTest
[INFO] Tests run: 8, Failures: 0, Errors: 0, Skipped: 0, Time elapsed: 6.847 s - in com.twilio.rest.supersim.v1.networkaccessprofile.NetworkAccessProfileNetworkTest
[INFO] Running com.twilio.rest.wireless.v1.sim.DataSessionTest
[INFO] Tests run: 2, Failures: 0, Errors: 0, Skipped: 0, Time elapsed: 1.345 s - in com.twilio.rest.wireless.v1.sim.DataSessionTest
[INFO] Running com.twilio.rest.wireless.v1.sim.UsageRecordTest
[INFO] Tests run: 10, Failures: 0, Errors: 0, Skipped: 0, Time elapsed: 8.987 s - in com.twilio.rest.supersim.v1.NetworkAccessProfileTest
[INFO] Tests run: 2, Failures: 0, Errors: 0, Skipped: 0, Time elapsed: 1.444 s - in com.twilio.rest.wireless.v1.sim.UsageRecordTest
[INFO] Running com.twilio.rest.wireless.v1.UsageRecordTest
[INFO] Running com.twilio.rest.wireless.v1.SimTest
[INFO] Tests run: 13, Failures: 0, Errors: 0, Skipped: 0, Time elapsed: 8.829 s - in com.twilio.rest.supersim.v1.UsageRecordTest
[INFO] Running com.twilio.rest.pricing.v2.NumberTest
[INFO] Tests run: 8, Failures: 0, Errors: 0, Skipped: 0, Time elapsed: 5.855 s - in com.twilio.rest.supersim.v1.SmsCommandTest
[INFO] Running com.twilio.rest.pricing.v2.CountryTest
[INFO] Tests run: 2, Failures: 0, Errors: 0, Skipped: 0, Time elapsed: 1.995 s - in com.twilio.rest.wireless.v1.UsageRecordTest
[INFO] Running com.twilio.rest.pricing.v2.voice.NumberTest
[INFO] Tests run: 3, Failures: 0, Errors: 0, Skipped: 0, Time elapsed: 2.02 s - in com.twilio.rest.pricing.v2.NumberTest
[INFO] Running com.twilio.rest.pricing.v2.voice.CountryTest
[INFO] Tests run: 15, Failures: 0, Errors: 0, Skipped: 0, Time elapsed: 11.894 s - in com.twilio.rest.supersim.v1.SimTest
[INFO] Running com.twilio.rest.pricing.v1.phonenumber.CountryTest
[INFO] Tests run: 11, Failures: 0, Errors: 0, Skipped: 0, Time elapsed: 8.289 s - in com.twilio.rest.wireless.v1.RatePlanTest
[INFO] Running com.twilio.rest.pricing.v1.messaging.CountryTest
[INFO] Tests run: 2, Failures: 0, Errors: 0, Skipped: 0, Time elapsed: 2.699 s - in com.twilio.rest.pricing.v2.voice.NumberTest
[INFO] Running com.twilio.rest.pricing.v1.voice.NumberTest
[INFO] Tests run: 12, Failures: 0, Errors: 0, Skipped: 0, Time elapsed: 8.343 s - in com.twilio.rest.wireless.v1.CommandTest
[INFO] Running com.twilio.rest.pricing.v1.voice.CountryTest
[INFO] Tests run: 5, Failures: 0, Errors: 0, Skipped: 0, Time elapsed: 4.372 s - in com.twilio.rest.pricing.v2.voice.CountryTest
[INFO] Running com.twilio.rest.accounts.v1.AuthTokenPromotionTest
[INFO] Tests run: 5, Failures: 0, Errors: 0, Skipped: 0, Time elapsed: 5.072 s - in com.twilio.rest.pricing.v2.CountryTest
[INFO] Running com.twilio.rest.accounts.v1.credential.AwsTest
[INFO] Tests run: 2, Failures: 0, Errors: 0, Skipped: 0, Time elapsed: 2.394 s - in com.twilio.rest.pricing.v1.voice.NumberTest
[INFO] Running com.twilio.rest.accounts.v1.credential.PublicKeyTest
[INFO] Tests run: 2, Failures: 0, Errors: 0, Skipped: 0, Time elapsed: 1.48 s - in com.twilio.rest.accounts.v1.AuthTokenPromotionTest
[INFO] Running com.twilio.rest.accounts.v1.SecondaryAuthTokenTest
[INFO] Tests run: 5, Failures: 0, Errors: 0, Skipped: 0, Time elapsed: 5.592 s - in com.twilio.rest.pricing.v1.phonenumber.CountryTest
[INFO] Running com.twilio.rest.conversations.v1.AddressConfigurationTest
[INFO] Tests run: 5, Failures: 0, Errors: 0, Skipped: 0, Time elapsed: 4.469 s - in com.twilio.rest.pricing.v1.voice.CountryTest
[INFO] Running com.twilio.rest.conversations.v1.user.UserConversationTest
[INFO] Tests run: 11, Failures: 0, Errors: 0, Skipped: 0, Time elapsed: 9.613 s - in com.twilio.rest.wireless.v1.SimTest
[INFO] Running com.twilio.rest.conversations.v1.RoleTest
[INFO] Tests run: 5, Failures: 0, Errors: 0, Skipped: 0, Time elapsed: 5.579 s - in com.twilio.rest.pricing.v1.messaging.CountryTest
[INFO] Running com.twilio.rest.conversations.v1.UserTest
[INFO] Tests run: 4, Failures: 0, Errors: 0, Skipped: 0, Time elapsed: 3.111 s - in com.twilio.rest.accounts.v1.SecondaryAuthTokenTest
[INFO] Running com.twilio.rest.conversations.v1.ParticipantConversationTest
[INFO] Tests run: 4, Failures: 0, Errors: 0, Skipped: 0, Time elapsed: 2.89 s - in com.twilio.rest.conversations.v1.ParticipantConversationTest
[INFO] Running com.twilio.rest.conversations.v1.ConfigurationTest
[INFO] Tests run: 11, Failures: 0, Errors: 0, Skipped: 0, Time elapsed: 7.692 s - in com.twilio.rest.accounts.v1.credential.AwsTest
[INFO] Running com.twilio.rest.conversations.v1.service.user.UserConversationTest
[INFO] Tests run: 11, Failures: 0, Errors: 0, Skipped: 0, Time elapsed: 9.302 s - in com.twilio.rest.accounts.v1.credential.PublicKeyTest
[INFO] Running com.twilio.rest.conversations.v1.service.RoleTest
[INFO] Tests run: 9, Failures: 0, Errors: 0, Skipped: 0, Time elapsed: 7.499 s - in com.twilio.rest.conversations.v1.user.UserConversationTest
[INFO] Running com.twilio.rest.conversations.v1.service.UserTest
[INFO] Tests run: 4, Failures: 0, Errors: 0, Skipped: 0, Time elapsed: 3.532 s - in com.twilio.rest.conversations.v1.ConfigurationTest
[INFO] Running com.twilio.rest.conversations.v1.service.ParticipantConversationTest
[INFO] Tests run: 11, Failures: 0, Errors: 0, Skipped: 0, Time elapsed: 8.386 s - in com.twilio.rest.conversations.v1.RoleTest
[INFO] Running com.twilio.rest.conversations.v1.service.ConfigurationTest
[INFO] Tests run: 10, Failures: 0, Errors: 0, Skipped: 0, Time elapsed: 8.645 s - in com.twilio.rest.conversations.v1.UserTest
[INFO] Running com.twilio.rest.conversations.v1.service.BindingTest
[INFO] Tests run: 11, Failures: 0, Errors: 0, Skipped: 0, Time elapsed: 9.59 s - in com.twilio.rest.conversations.v1.AddressConfigurationTest
[INFO] Running com.twilio.rest.conversations.v1.service.ConversationTest
[INFO] Tests run: 4, Failures: 0, Errors: 0, Skipped: 0, Time elapsed: 2.953 s - in com.twilio.rest.conversations.v1.service.ParticipantConversationTest
[INFO] Running com.twilio.rest.conversations.v1.service.conversation.message.DeliveryReceiptTest
[INFO] Tests run: 9, Failures: 0, Errors: 0, Skipped: 0, Time elapsed: 6.526 s - in com.twilio.rest.conversations.v1.service.user.UserConversationTest
[INFO] Running com.twilio.rest.conversations.v1.service.conversation.MessageTest
[INFO] Tests run: 4, Failures: 0, Errors: 0, Skipped: 0, Time elapsed: 3.047 s - in com.twilio.rest.conversations.v1.service.ConfigurationTest
[INFO] Running com.twilio.rest.conversations.v1.service.conversation.WebhookTest
[INFO] Tests run: 7, Failures: 0, Errors: 0, Skipped: 0, Time elapsed: 4.82 s - in com.twilio.rest.conversations.v1.service.BindingTest
[INFO] Running com.twilio.rest.conversations.v1.service.conversation.ParticipantTest
[INFO] Tests run: 4, Failures: 0, Errors: 0, Skipped: 0, Time elapsed: 3.01 s - in com.twilio.rest.conversations.v1.service.conversation.message.DeliveryReceiptTest
[INFO] Running com.twilio.rest.conversations.v1.service.configuration.WebhookTest
[INFO] Tests run: 10, Failures: 0, Errors: 0, Skipped: 0, Time elapsed: 7.108 s - in com.twilio.rest.conversations.v1.service.UserTest
[INFO] Running com.twilio.rest.conversations.v1.service.configuration.NotificationTest
[INFO] Tests run: 11, Failures: 0, Errors: 0, Skipped: 0, Time elapsed: 9.442 s - in com.twilio.rest.conversations.v1.service.RoleTest
[INFO] Running com.twilio.rest.conversations.v1.ConversationTest
[INFO] Tests run: 4, Failures: 0, Errors: 0, Skipped: 0, Time elapsed: 3.16 s - in com.twilio.rest.conversations.v1.service.configuration.NotificationTest
[INFO] Running com.twilio.rest.conversations.v1.CredentialTest
[INFO] Tests run: 5, Failures: 0, Errors: 0, Skipped: 0, Time elapsed: 3.666 s - in com.twilio.rest.conversations.v1.service.configuration.WebhookTest
[INFO] Running com.twilio.rest.conversations.v1.conversation.message.DeliveryReceiptTest
[INFO] Tests run: 11, Failures: 0, Errors: 0, Skipped: 0, Time elapsed: 9.662 s - in com.twilio.rest.conversations.v1.service.ConversationTest
[INFO] Running com.twilio.rest.conversations.v1.conversation.MessageTest
[INFO] Tests run: 11, Failures: 0, Errors: 0, Skipped: 0, Time elapsed: 8.467 s - in com.twilio.rest.conversations.v1.service.conversation.WebhookTest
[INFO] Running com.twilio.rest.conversations.v1.conversation.WebhookTest
[INFO] Tests run: 4, Failures: 0, Errors: 0, Skipped: 0, Time elapsed: 2.493 s - in com.twilio.rest.conversations.v1.conversation.message.DeliveryReceiptTest
[INFO] Running com.twilio.rest.conversations.v1.conversation.ParticipantTest
[INFO] Tests run: 13, Failures: 0, Errors: 0, Skipped: 0, Time elapsed: 9.542 s - in com.twilio.rest.conversations.v1.service.conversation.MessageTest
[INFO] Running com.twilio.rest.conversations.v1.ServiceTest
[INFO] Tests run: 15, Failures: 0, Errors: 0, Skipped: 0, Time elapsed: 11.974 s - in com.twilio.rest.conversations.v1.service.conversation.ParticipantTest
[INFO] Running com.twilio.rest.conversations.v1.configuration.WebhookTest
[INFO] Tests run: 11, Failures: 0, Errors: 0, Skipped: 0, Time elapsed: 9.264 s - in com.twilio.rest.conversations.v1.ConversationTest
[INFO] Running com.twilio.rest.chat.v2.service.user.UserChannelTest
[INFO] Tests run: 11, Failures: 0, Errors: 0, Skipped: 0, Time elapsed: 8.876 s - in com.twilio.rest.conversations.v1.CredentialTest
[INFO] Running com.twilio.rest.chat.v2.service.user.UserBindingTest
[INFO] Tests run: 8, Failures: 0, Errors: 0, Skipped: 0, Time elapsed: 6.834 s - in com.twilio.rest.conversations.v1.ServiceTest
[INFO] Running com.twilio.rest.chat.v2.service.RoleTest
[INFO] Tests run: 11, Failures: 0, Errors: 0, Skipped: 0, Time elapsed: 9.359 s - in com.twilio.rest.conversations.v1.conversation.WebhookTest
[INFO] Running com.twilio.rest.chat.v2.service.UserTest
[INFO] Tests run: 4, Failures: 0, Errors: 0, Skipped: 0, Time elapsed: 3.751 s - in com.twilio.rest.conversations.v1.configuration.WebhookTest
[INFO] Running com.twilio.rest.chat.v2.service.BindingTest
[INFO] Tests run: 13, Failures: 0, Errors: 0, Skipped: 0, Time elapsed: 11.436 s - in com.twilio.rest.conversations.v1.conversation.MessageTest
[INFO] Running com.twilio.rest.chat.v2.service.channel.MemberTest
[INFO] Tests run: 15, Failures: 0, Errors: 0, Skipped: 0, Time elapsed: 11.286 s - in com.twilio.rest.conversations.v1.conversation.ParticipantTest
[INFO] Running com.twilio.rest.chat.v2.service.channel.MessageTest
[INFO] Tests run: 7, Failures: 0, Errors: 0, Skipped: 0, Time elapsed: 5.831 s - in com.twilio.rest.chat.v2.service.user.UserBindingTest
[INFO] Running com.twilio.rest.chat.v2.service.channel.InviteTest
[INFO] Tests run: 10, Failures: 0, Errors: 0, Skipped: 0, Time elapsed: 9.415 s - in com.twilio.rest.chat.v2.service.user.UserChannelTest
[INFO] Running com.twilio.rest.chat.v2.service.channel.WebhookTest
[INFO] Tests run: 7, Failures: 0, Errors: 0, Skipped: 0, Time elapsed: 6.053 s - in com.twilio.rest.chat.v2.service.BindingTest
[INFO] Running com.twilio.rest.chat.v2.service.ChannelTest
[INFO] Tests run: 5, Failures: 0, Errors: 0, Skipped: 0, Time elapsed: 74.242 s - in com.twilio.compliance.ComplianceTest
[INFO] Running com.twilio.rest.chat.v2.CredentialTest
[INFO] Tests run: 11, Failures: 0, Errors: 0, Skipped: 0, Time elapsed: 9.128 s - in com.twilio.rest.chat.v2.service.RoleTest
[INFO] Running com.twilio.rest.chat.v2.ServiceTest
[INFO] Tests run: 11, Failures: 0, Errors: 0, Skipped: 0, Time elapsed: 9.161 s - in com.twilio.rest.chat.v2.service.UserTest
[INFO] Running com.twilio.rest.chat.v1.service.user.UserChannelTest
[INFO] Tests run: 11, Failures: 0, Errors: 0, Skipped: 0, Time elapsed: 9.782 s - in com.twilio.rest.chat.v2.service.channel.MemberTest
[INFO] Running com.twilio.rest.chat.v1.service.RoleTest
[INFO] Tests run: 9, Failures: 0, Errors: 0, Skipped: 0, Time elapsed: 8.583 s - in com.twilio.rest.chat.v2.service.channel.InviteTest
[INFO] Running com.twilio.rest.chat.v1.service.UserTest
[INFO] Tests run: 3, Failures: 0, Errors: 0, Skipped: 0, Time elapsed: 2.848 s - in com.twilio.rest.chat.v1.service.user.UserChannelTest
[INFO] Running com.twilio.rest.chat.v1.service.channel.MemberTest
[INFO] Tests run: 14, Failures: 0, Errors: 0, Skipped: 0, Time elapsed: 12.185 s - in com.twilio.rest.chat.v2.service.channel.MessageTest
[INFO] Running com.twilio.rest.chat.v1.service.channel.MessageTest
[INFO] Tests run: 11, Failures: 0, Errors: 0, Skipped: 0, Time elapsed: 9.716 s - in com.twilio.rest.chat.v2.service.ChannelTest
[INFO] Running com.twilio.rest.chat.v1.service.channel.InviteTest
[INFO] Tests run: 11, Failures: 0, Errors: 0, Skipped: 0, Time elapsed: 10.523 s - in com.twilio.rest.chat.v2.service.channel.WebhookTest
[INFO] Running com.twilio.rest.chat.v1.service.ChannelTest
[INFO] Tests run: 11, Failures: 0, Errors: 0, Skipped: 0, Time elapsed: 9.926 s - in com.twilio.rest.chat.v2.ServiceTest
[INFO] Running com.twilio.rest.chat.v1.CredentialTest
[INFO] Tests run: 11, Failures: 0, Errors: 0, Skipped: 0, Time elapsed: 8.89 s - in com.twilio.rest.chat.v1.service.RoleTest
[INFO] Running com.twilio.rest.chat.v1.ServiceTest
[INFO] Tests run: 11, Failures: 0, Errors: 0, Skipped: 0, Time elapsed: 9.406 s - in com.twilio.rest.chat.v1.service.UserTest
[INFO] Running com.twilio.rest.notify.v1.service.BindingTest
[INFO] Tests run: 12, Failures: 0, Errors: 0, Skipped: 0, Time elapsed: 10.067 s - in com.twilio.rest.chat.v1.service.channel.MemberTest
[INFO] Running com.twilio.rest.notify.v1.service.NotificationTest
[INFO] Tests run: 9, Failures: 0, Errors: 0, Skipped: 0, Time elapsed: 7.835 s - in com.twilio.rest.chat.v1.service.channel.InviteTest
[INFO] Running com.twilio.rest.notify.v1.CredentialTest
[INFO] Tests run: 12, Failures: 0, Errors: 0, Skipped: 0, Time elapsed: 9.403 s - in com.twilio.rest.chat.v1.service.channel.MessageTest
[INFO] Running com.twilio.rest.notify.v1.ServiceTest
[INFO] Tests run: 3, Failures: 0, Errors: 0, Skipped: 0, Time elapsed: 2.338 s - in com.twilio.rest.notify.v1.service.NotificationTest
[INFO] Running com.twilio.rest.messaging.v1.BrandRegistrationTest
[INFO] Tests run: 11, Failures: 0, Errors: 0, Skipped: 0, Time elapsed: 9.222 s - in com.twilio.rest.chat.v1.service.ChannelTest
[INFO] Running com.twilio.rest.messaging.v1.ExternalCampaignTest
[INFO] Tests run: 11, Failures: 0, Errors: 0, Skipped: 0, Time elapsed: 8.775 s - in com.twilio.rest.chat.v1.CredentialTest
[INFO] Running com.twilio.rest.messaging.v1.UsecaseTest
[INFO] Tests run: 2, Failures: 0, Errors: 0, Skipped: 0, Time elapsed: 1.736 s - in com.twilio.rest.messaging.v1.ExternalCampaignTest
[INFO] Running com.twilio.rest.messaging.v1.service.PhoneNumberTest
[INFO] Tests run: 11, Failures: 0, Errors: 0, Skipped: 0, Time elapsed: 8.084 s - in com.twilio.rest.chat.v1.ServiceTest
[INFO] Running com.twilio.rest.messaging.v1.service.UsAppToPersonTest
[INFO] Tests run: 11, Failures: 0, Errors: 0, Skipped: 0, Time elapsed: 20.191 s - in com.twilio.rest.chat.v2.CredentialTest
[INFO] Running com.twilio.rest.messaging.v1.service.ShortCodeTest
[INFO] Tests run: 9, Failures: 0, Errors: 0, Skipped: 0, Time elapsed: 7.294 s - in com.twilio.rest.notify.v1.service.BindingTest
[INFO] Running com.twilio.rest.messaging.v1.service.AlphaSenderTest
[INFO] Tests run: 2, Failures: 0, Errors: 0, Skipped: 0, Time elapsed: 2.111 s - in com.twilio.rest.messaging.v1.UsecaseTest
[INFO] Running com.twilio.rest.messaging.v1.service.UsAppToPersonUsecaseTest
[INFO] Tests run: 3, Failures: 0, Errors: 0, Skipped: 0, Time elapsed: 2.761 s - in com.twilio.rest.messaging.v1.service.UsAppToPersonUsecaseTest
[INFO] Running com.twilio.rest.messaging.v1.DeactivationsTest
[INFO] Tests run: 8, Failures: 0, Errors: 0, Skipped: 0, Time elapsed: 6.922 s - in com.twilio.rest.messaging.v1.BrandRegistrationTest
[INFO] Running com.twilio.rest.messaging.v1.ServiceTest
[INFO] Tests run: 2, Failures: 0, Errors: 0, Skipped: 0, Time elapsed: 1.705 s - in com.twilio.rest.messaging.v1.DeactivationsTest
[INFO] Running com.twilio.rest.messaging.v1.brandregistration.BrandVettingTest
[INFO] Tests run: 11, Failures: 0, Errors: 0, Skipped: 0, Time elapsed: 9.476 s - in com.twilio.rest.notify.v1.CredentialTest
[INFO] Running com.twilio.rest.bulkexports.v1.ExportTest
[INFO] Tests run: 11, Failures: 0, Errors: 0, Skipped: 0, Time elapsed: 9.368 s - in com.twilio.rest.notify.v1.ServiceTest
[INFO] Running com.twilio.rest.bulkexports.v1.export.DayTest
[INFO] Tests run: 8, Failures: 0, Errors: 0, Skipped: 0, Time elapsed: 6.274 s - in com.twilio.rest.messaging.v1.service.UsAppToPersonTest
[INFO] Running com.twilio.rest.bulkexports.v1.export.ExportCustomJobTest
[INFO] Tests run: 2, Failures: 0, Errors: 0, Skipped: 0, Time elapsed: 1.862 s - in com.twilio.rest.bulkexports.v1.ExportTest
[INFO] Running com.twilio.rest.bulkexports.v1.export.JobTest
[INFO] Tests run: 9, Failures: 0, Errors: 0, Skipped: 0, Time elapsed: 7.841 s - in com.twilio.rest.messaging.v1.service.PhoneNumberTest
[INFO] Running com.twilio.rest.bulkexports.v1.ExportConfigurationTest
[INFO] Tests run: 8, Failures: 0, Errors: 0, Skipped: 0, Time elapsed: 6.919 s - in com.twilio.rest.messaging.v1.service.AlphaSenderTest
[INFO] Running com.twilio.rest.numbers.v2.regulatorycompliance.BundleTest
[INFO] Tests run: 5, Failures: 0, Errors: 0, Skipped: 0, Time elapsed: 3.871 s - in com.twilio.rest.bulkexports.v1.export.DayTest
[INFO] Running com.twilio.rest.numbers.v2.regulatorycompliance.bundle.ItemAssignmentTest
[INFO] Tests run: 6, Failures: 0, Errors: 0, Skipped: 0, Time elapsed: 4.475 s - in com.twilio.rest.messaging.v1.brandregistration.BrandVettingTest
[INFO] Running com.twilio.rest.numbers.v2.regulatorycompliance.bundle.BundleCopyTest
[INFO] Tests run: 5, Failures: 0, Errors: 0, Skipped: 0, Time elapsed: 4.063 s - in com.twilio.rest.bulkexports.v1.export.ExportCustomJobTest
[INFO] Running com.twilio.rest.numbers.v2.regulatorycompliance.bundle.EvaluationTest
[INFO] Tests run: 4, Failures: 0, Errors: 0, Skipped: 0, Time elapsed: 3.194 s - in com.twilio.rest.bulkexports.v1.export.JobTest
[INFO] Running com.twilio.rest.numbers.v2.regulatorycompliance.bundle.ReplaceItemsTest
[INFO] Tests run: 10, Failures: 0, Errors: 0, Skipped: 0, Time elapsed: 7.257 s - in com.twilio.rest.messaging.v1.ServiceTest
[INFO] Running com.twilio.rest.numbers.v2.regulatorycompliance.RegulationTest
[INFO] Tests run: 4, Failures: 0, Errors: 0, Skipped: 0, Time elapsed: 3.988 s - in com.twilio.rest.bulkexports.v1.ExportConfigurationTest
[INFO] Running com.twilio.rest.numbers.v2.regulatorycompliance.SupportingDocumentTest
[INFO] Tests run: 8, Failures: 0, Errors: 0, Skipped: 0, Time elapsed: 12.229 s - in com.twilio.rest.messaging.v1.service.ShortCodeTest
[INFO] Running com.twilio.rest.numbers.v2.regulatorycompliance.EndUserTest
[INFO] Tests run: 2, Failures: 0, Errors: 0, Skipped: 0, Time elapsed: 2.06 s - in com.twilio.rest.numbers.v2.regulatorycompliance.bundle.ReplaceItemsTest
[INFO] Running com.twilio.rest.numbers.v2.regulatorycompliance.SupportingDocumentTypeTest
[INFO] Tests run: 5, Failures: 0, Errors: 0, Skipped: 0, Time elapsed: 4.132 s - in com.twilio.rest.numbers.v2.regulatorycompliance.bundle.BundleCopyTest
[INFO] Running com.twilio.rest.numbers.v2.regulatorycompliance.EndUserTypeTest
[INFO] Tests run: 5, Failures: 0, Errors: 0, Skipped: 0, Time elapsed: 3.767 s - in com.twilio.rest.numbers.v2.regulatorycompliance.RegulationTest
[INFO] Running com.twilio.rest.sync.v1.service.synclist.SyncListItemTest
[INFO] Tests run: 7, Failures: 0, Errors: 0, Skipped: 0, Time elapsed: 6.245 s - in com.twilio.rest.numbers.v2.regulatorycompliance.bundle.EvaluationTest
[INFO] Running com.twilio.rest.sync.v1.service.synclist.SyncListPermissionTest
[INFO] Tests run: 9, Failures: 0, Errors: 0, Skipped: 0, Time elapsed: 7.254 s - in com.twilio.rest.numbers.v2.regulatorycompliance.bundle.ItemAssignmentTest
[INFO] Running com.twilio.rest.sync.v1.service.document.DocumentPermissionTest
[INFO] Tests run: 5, Failures: 0, Errors: 0, Skipped: 0, Time elapsed: 4.318 s - in com.twilio.rest.numbers.v2.regulatorycompliance.SupportingDocumentTypeTest
[INFO] Running com.twilio.rest.sync.v1.service.syncmap.SyncMapItemTest
[INFO] Tests run: 5, Failures: 0, Errors: 0, Skipped: 0, Time elapsed: 3.871 s - in com.twilio.rest.numbers.v2.regulatorycompliance.EndUserTypeTest
[INFO] Running com.twilio.rest.sync.v1.service.syncmap.SyncMapPermissionTest
[INFO] Tests run: 14, Failures: 0, Errors: 0, Skipped: 0, Time elapsed: 10.338 s - in com.twilio.rest.numbers.v2.regulatorycompliance.BundleTest
[INFO] Running com.twilio.rest.sync.v1.service.syncstream.StreamMessageTest
[INFO] Tests run: 2, Failures: 0, Errors: 0, Skipped: 0, Time elapsed: 1.938 s - in com.twilio.rest.sync.v1.service.syncstream.StreamMessageTest
[INFO] Running com.twilio.rest.sync.v1.service.DocumentTest
[INFO] Tests run: 11, Failures: 0, Errors: 0, Skipped: 0, Time elapsed: 9.095 s - in com.twilio.rest.numbers.v2.regulatorycompliance.SupportingDocumentTest
[INFO] Running com.twilio.rest.sync.v1.service.SyncListTest
[INFO] Tests run: 11, Failures: 0, Errors: 0, Skipped: 0, Time elapsed: 9.05 s - in com.twilio.rest.sync.v1.service.synclist.SyncListItemTest
[INFO] Running com.twilio.rest.sync.v1.service.SyncStreamTest
[INFO] Tests run: 9, Failures: 0, Errors: 0, Skipped: 0, Time elapsed: 7.468 s - in com.twilio.rest.sync.v1.service.document.DocumentPermissionTest
[INFO] Running com.twilio.rest.sync.v1.service.SyncMapTest
[INFO] Tests run: 9, Failures: 0, Errors: 0, Skipped: 0, Time elapsed: 8.257 s - in com.twilio.rest.sync.v1.service.synclist.SyncListPermissionTest
[INFO] Running com.twilio.rest.sync.v1.ServiceTest
[INFO] Tests run: 9, Failures: 0, Errors: 0, Skipped: 0, Time elapsed: 7.216 s - in com.twilio.rest.sync.v1.service.syncmap.SyncMapPermissionTest
[INFO] Running com.twilio.rest.studio.v2.FlowValidateTest
[INFO] Tests run: 2, Failures: 0, Errors: 0, Skipped: 0, Time elapsed: 1.647 s - in com.twilio.rest.studio.v2.FlowValidateTest
[INFO] Running com.twilio.rest.studio.v2.FlowTest
[INFO] Tests run: 11, Failures: 0, Errors: 0, Skipped: 0, Time elapsed: 9.951 s - in com.twilio.rest.sync.v1.service.syncmap.SyncMapItemTest
[INFO] Running com.twilio.rest.studio.v2.flow.FlowTestUserTest
[INFO] Tests run: 11, Failures: 0, Errors: 0, Skipped: 0, Time elapsed: 9.13 s - in com.twilio.rest.sync.v1.service.DocumentTest
[INFO] Running com.twilio.rest.studio.v2.flow.execution.executionstep.ExecutionStepContextTest
[INFO] Tests run: 11, Failures: 0, Errors: 0, Skipped: 0, Time elapsed: 16.91 s - in com.twilio.rest.numbers.v2.regulatorycompliance.EndUserTest
[INFO] Running com.twilio.rest.studio.v2.flow.execution.ExecutionContextTest
[INFO] Tests run: 11, Failures: 0, Errors: 0, Skipped: 0, Time elapsed: 9.654 s - in com.twilio.rest.sync.v1.service.SyncListTest
[INFO] Running com.twilio.rest.studio.v2.flow.execution.ExecutionStepTest
[INFO] Tests run: 2, Failures: 0, Errors: 0, Skipped: 0, Time elapsed: 2.276 s - in com.twilio.rest.studio.v2.flow.execution.executionstep.ExecutionStepContextTest
[INFO] Running com.twilio.rest.studio.v2.flow.FlowRevisionTest
[INFO] Tests run: 4, Failures: 0, Errors: 0, Skipped: 0, Time elapsed: 4.433 s - in com.twilio.rest.studio.v2.flow.FlowTestUserTest
[INFO] Running com.twilio.rest.studio.v2.flow.ExecutionTest
[INFO] Tests run: 11, Failures: 0, Errors: 0, Skipped: 0, Time elapsed: 8.68 s - in com.twilio.rest.sync.v1.service.SyncStreamTest
[INFO] Running com.twilio.rest.studio.v1.FlowTest
[INFO] Tests run: 2, Failures: 0, Errors: 0, Skipped: 0, Time elapsed: 3.588 s - in com.twilio.rest.studio.v2.flow.execution.ExecutionContextTest
[INFO] Running com.twilio.rest.studio.v1.flow.EngagementTest
[INFO] Tests run: 4, Failures: 0, Errors: 0, Skipped: 0, Time elapsed: 3.122 s - in com.twilio.rest.studio.v2.flow.execution.ExecutionStepTest
[INFO] Running com.twilio.rest.studio.v1.flow.engagement.StepTest
[INFO] Tests run: 11, Failures: 0, Errors: 0, Skipped: 0, Time elapsed: 9.81 s - in com.twilio.rest.sync.v1.service.SyncMapTest
[INFO] Running com.twilio.rest.studio.v1.flow.engagement.EngagementContextTest
[INFO] Tests run: 11, Failures: 0, Errors: 0, Skipped: 0, Time elapsed: 9.354 s - in com.twilio.rest.sync.v1.ServiceTest
[INFO] Running com.twilio.rest.studio.v1.flow.engagement.step.StepContextTest
[INFO] Tests run: 4, Failures: 0, Errors: 0, Skipped: 0, Time elapsed: 3.371 s - in com.twilio.rest.studio.v2.flow.FlowRevisionTest
[INFO] Running com.twilio.rest.studio.v1.flow.execution.executionstep.ExecutionStepContextTest
[INFO] Tests run: 10, Failures: 0, Errors: 0, Skipped: 0, Time elapsed: 9.05 s - in com.twilio.rest.studio.v2.FlowTest
[INFO] Running com.twilio.rest.studio.v1.flow.execution.ExecutionContextTest
[INFO] Tests run: 2, Failures: 0, Errors: 0, Skipped: 0, Time elapsed: 1.766 s - in com.twilio.rest.studio.v1.flow.engagement.EngagementContextTest
[INFO] Running com.twilio.rest.studio.v1.flow.execution.ExecutionStepTest
[INFO] Tests run: 2, Failures: 0, Errors: 0, Skipped: 0, Time elapsed: 1.802 s - in com.twilio.rest.studio.v1.flow.engagement.step.StepContextTest
[INFO] Running com.twilio.rest.studio.v1.flow.ExecutionTest
[INFO] Tests run: 2, Failures: 0, Errors: 0, Skipped: 0, Time elapsed: 1.586 s - in com.twilio.rest.studio.v1.flow.execution.executionstep.ExecutionStepContextTest
[INFO] Running com.twilio.rest.fax.v1.fax.FaxMediaTest
[INFO] Tests run: 4, Failures: 0, Errors: 0, Skipped: 0, Time elapsed: 3.2 s - in com.twilio.rest.studio.v1.flow.engagement.StepTest
[INFO] Running com.twilio.rest.fax.v1.FaxTest
[INFO] Tests run: 6, Failures: 0, Errors: 0, Skipped: 0, Time elapsed: 4.734 s - in com.twilio.rest.studio.v1.FlowTest
[INFO] Running com.twilio.rest.api.v2010.AccountTest
[INFO] Tests run: 2, Failures: 0, Errors: 0, Skipped: 0, Time elapsed: 1.969 s - in com.twilio.rest.studio.v1.flow.execution.ExecutionContextTest
[INFO] Running com.twilio.rest.api.v2010.account.availablephonenumbercountry.SharedCostTest
[INFO] Tests run: 4, Failures: 0, Errors: 0, Skipped: 0, Time elapsed: 3.523 s - in com.twilio.rest.studio.v1.flow.execution.ExecutionStepTest
[INFO] Running com.twilio.rest.api.v2010.account.availablephonenumbercountry.MachineToMachineTest
[INFO] Tests run: 10, Failures: 0, Errors: 0, Skipped: 0, Time elapsed: 8.448 s - in com.twilio.rest.studio.v2.flow.ExecutionTest
[INFO] Running com.twilio.rest.api.v2010.account.availablephonenumbercountry.MobileTest
[INFO] Tests run: 3, Failures: 0, Errors: 0, Skipped: 0, Time elapsed: 2.457 s - in com.twilio.rest.api.v2010.account.availablephonenumbercountry.SharedCostTest
[INFO] Running com.twilio.rest.api.v2010.account.availablephonenumbercountry.LocalTest
[INFO] Tests run: 6, Failures: 0, Errors: 0, Skipped: 0, Time elapsed: 5.174 s - in com.twilio.rest.fax.v1.fax.FaxMediaTest
[INFO] Running com.twilio.rest.api.v2010.account.availablephonenumbercountry.TollFreeTest
[INFO] Tests run: 3, Failures: 0, Errors: 0, Skipped: 0, Time elapsed: 2.823 s - in com.twilio.rest.api.v2010.account.availablephonenumbercountry.MachineToMachineTest
[INFO] Running com.twilio.rest.api.v2010.account.availablephonenumbercountry.VoipTest
[INFO] Tests run: 7, Failures: 0, Errors: 0, Skipped: 0, Time elapsed: 5.915 s - in com.twilio.rest.fax.v1.FaxTest
[INFO] Running com.twilio.rest.api.v2010.account.availablephonenumbercountry.NationalTest
[INFO] Tests run: 3, Failures: 0, Errors: 0, Skipped: 0, Time elapsed: 2.693 s - in com.twilio.rest.api.v2010.account.availablephonenumbercountry.MobileTest
[INFO] Running com.twilio.rest.api.v2010.account.SigningKeyTest
[INFO] Tests run: 3, Failures: 0, Errors: 0, Skipped: 0, Time elapsed: 2.444 s - in com.twilio.rest.api.v2010.account.availablephonenumbercountry.LocalTest
[INFO] Running com.twilio.rest.api.v2010.account.call.StreamTest
[INFO] Tests run: 3, Failures: 0, Errors: 0, Skipped: 0, Time elapsed: 2.555 s - in com.twilio.rest.api.v2010.account.availablephonenumbercountry.TollFreeTest
[INFO] Running com.twilio.rest.api.v2010.account.call.EventTest
[INFO] Tests run: 10, Failures: 0, Errors: 0, Skipped: 0, Time elapsed: 8.288 s - in com.twilio.rest.studio.v1.flow.ExecutionTest
[INFO] Running com.twilio.rest.api.v2010.account.call.RecordingTest
[INFO] Tests run: 3, Failures: 0, Errors: 0, Skipped: 0, Time elapsed: 2.554 s - in com.twilio.rest.api.v2010.account.availablephonenumbercountry.VoipTest
[INFO] Running com.twilio.rest.api.v2010.account.call.SiprecTest
[INFO] Tests run: 8, Failures: 0, Errors: 0, Skipped: 0, Time elapsed: 12.287 s - in com.twilio.rest.studio.v1.flow.EngagementTest
[INFO] Running com.twilio.rest.api.v2010.account.call.FeedbackTest
[INFO] Tests run: 3, Failures: 0, Errors: 0, Skipped: 0, Time elapsed: 2.878 s - in com.twilio.rest.api.v2010.account.availablephonenumbercountry.NationalTest
[INFO] Running com.twilio.rest.api.v2010.account.call.PaymentTest
[INFO] Tests run: 10, Failures: 0, Errors: 0, Skipped: 0, Time elapsed: 8.218 s - in com.twilio.rest.api.v2010.AccountTest
[INFO] Running com.twilio.rest.api.v2010.account.call.NotificationTest
[INFO] Tests run: 3, Failures: 0, Errors: 0, Skipped: 0, Time elapsed: 2.49 s - in com.twilio.rest.api.v2010.account.call.EventTest
[INFO] Running com.twilio.rest.api.v2010.account.call.FeedbackSummaryTest
[INFO] Tests run: 6, Failures: 0, Errors: 0, Skipped: 0, Time elapsed: 5.205 s - in com.twilio.rest.api.v2010.account.call.StreamTest
[INFO] Running com.twilio.rest.api.v2010.account.AvailablePhoneNumberCountryTest
[INFO] Tests run: 6, Failures: 0, Errors: 0, Skipped: 0, Time elapsed: 4.893 s - in com.twilio.rest.api.v2010.account.call.SiprecTest
[INFO] Running com.twilio.rest.api.v2010.account.usage.RecordTest
[INFO] Tests run: 5, Failures: 0, Errors: 0, Skipped: 0, Time elapsed: 4.609 s - in com.twilio.rest.api.v2010.account.call.NotificationTest
[INFO] Running com.twilio.rest.api.v2010.account.usage.record.AllTimeTest
[INFO] Tests run: 9, Failures: 0, Errors: 0, Skipped: 0, Time elapsed: 8.34 s - in com.twilio.rest.api.v2010.account.SigningKeyTest
[INFO] Running com.twilio.rest.api.v2010.account.usage.record.DailyTest
[INFO] Tests run: 6, Failures: 0, Errors: 0, Skipped: 0, Time elapsed: 5.852 s - in com.twilio.rest.api.v2010.account.call.PaymentTest
[INFO] Running com.twilio.rest.api.v2010.account.usage.record.LastMonthTest
[INFO] Tests run: 5, Failures: 0, Errors: 0, Skipped: 0, Time elapsed: 4.145 s - in com.twilio.rest.api.v2010.account.AvailablePhoneNumberCountryTest
[INFO] Running com.twilio.rest.api.v2010.account.usage.record.TodayTest
[INFO] Tests run: 3, Failures: 0, Errors: 0, Skipped: 0, Time elapsed: 2.528 s - in com.twilio.rest.api.v2010.account.usage.RecordTest
[INFO] Tests run: 6, Failures: 0, Errors: 0, Skipped: 0, Time elapsed: 5.605 s - in com.twilio.rest.api.v2010.account.call.FeedbackSummaryTest
[INFO] Running com.twilio.rest.api.v2010.account.usage.record.YearlyTest
[INFO] Running com.twilio.rest.api.v2010.account.usage.record.MonthlyTest
[INFO] Tests run: 3, Failures: 0, Errors: 0, Skipped: 0, Time elapsed: 2.497 s - in com.twilio.rest.api.v2010.account.usage.record.AllTimeTest
[INFO] Running com.twilio.rest.api.v2010.account.usage.record.YesterdayTest
[INFO] Tests run: 3, Failures: 0, Errors: 0, Skipped: 0, Time elapsed: 2.84 s - in com.twilio.rest.api.v2010.account.usage.record.DailyTest
[INFO] Running com.twilio.rest.api.v2010.account.usage.record.ThisMonthTest
[INFO] Tests run: 11, Failures: 0, Errors: 0, Skipped: 0, Time elapsed: 9.627 s - in com.twilio.rest.api.v2010.account.call.RecordingTest
[INFO] Running com.twilio.rest.api.v2010.account.usage.TriggerTest
[INFO] Tests run: 3, Failures: 0, Errors: 0, Skipped: 0, Time elapsed: 2.842 s - in com.twilio.rest.api.v2010.account.usage.record.LastMonthTest
[INFO] Running com.twilio.rest.api.v2010.account.ConferenceTest
[INFO] Tests run: 6, Failures: 0, Errors: 0, Skipped: 0, Time elapsed: 9.565 s - in com.twilio.rest.api.v2010.account.call.FeedbackTest
[INFO] Running com.twilio.rest.api.v2010.account.BalanceTest
[INFO] Tests run: 3, Failures: 0, Errors: 0, Skipped: 0, Time elapsed: 2.8 s - in com.twilio.rest.api.v2010.account.usage.record.TodayTest
[INFO] Running com.twilio.rest.api.v2010.account.message.FeedbackTest
[INFO] Tests run: 3, Failures: 0, Errors: 0, Skipped: 0, Time elapsed: 2.855 s - in com.twilio.rest.api.v2010.account.usage.record.YearlyTest
[INFO] Running com.twilio.rest.api.v2010.account.message.MediaTest
[INFO] Tests run: 3, Failures: 0, Errors: 0, Skipped: 0, Time elapsed: 3.131 s - in com.twilio.rest.api.v2010.account.usage.record.MonthlyTest
[INFO] Running com.twilio.rest.api.v2010.account.OutgoingCallerIdTest
[INFO] Tests run: 3, Failures: 0, Errors: 0, Skipped: 0, Time elapsed: 2.93 s - in com.twilio.rest.api.v2010.account.usage.record.YesterdayTest
[INFO] Running com.twilio.rest.api.v2010.account.MessageTest
[INFO] Tests run: 2, Failures: 0, Errors: 0, Skipped: 0, Time elapsed: 1.919 s - in com.twilio.rest.api.v2010.account.message.FeedbackTest
[INFO] Running com.twilio.rest.api.v2010.account.RecordingTest
[INFO] Tests run: 3, Failures: 0, Errors: 0, Skipped: 0, Time elapsed: 3.184 s - in com.twilio.rest.api.v2010.account.usage.record.ThisMonthTest
[INFO] Running com.twilio.rest.api.v2010.account.queue.MemberTest
[INFO] Tests run: 2, Failures: 0, Errors: 0, Skipped: 0, Time elapsed: 3.522 s - in com.twilio.rest.api.v2010.account.BalanceTest
[INFO] Running com.twilio.rest.api.v2010.account.address.DependentPhoneNumberTest
[INFO] Tests run: 7, Failures: 0, Errors: 0, Skipped: 0, Time elapsed: 6.857 s - in com.twilio.rest.api.v2010.account.message.MediaTest
[INFO] Running com.twilio.rest.api.v2010.account.ValidationRequestTest
[INFO] Tests run: 7, Failures: 0, Errors: 0, Skipped: 0, Time elapsed: 6.598 s - in com.twilio.rest.api.v2010.account.RecordingTest
[INFO] Running com.twilio.rest.api.v2010.account.IncomingPhoneNumberTest
[INFO] Tests run: 9, Failures: 0, Errors: 0, Skipped: 0, Time elapsed: 8.109 s - in com.twilio.rest.api.v2010.account.OutgoingCallerIdTest
[INFO] Running com.twilio.rest.api.v2010.account.incomingphonenumber.MobileTest
[INFO] Tests run: 3, Failures: 0, Errors: 0, Skipped: 0, Time elapsed: 5.91 s - in com.twilio.rest.api.v2010.account.address.DependentPhoneNumberTest
[INFO] Running com.twilio.rest.api.v2010.account.incomingphonenumber.assignedaddon.AssignedAddOnExtensionTest
[INFO] Tests run: 2, Failures: 0, Errors: 0, Skipped: 0, Time elapsed: 2.262 s - in com.twilio.rest.api.v2010.account.ValidationRequestTest
[INFO] Running com.twilio.rest.api.v2010.account.incomingphonenumber.LocalTest
[INFO] Tests run: 11, Failures: 0, Errors: 0, Skipped: 0, Time elapsed: 10.514 s - in com.twilio.rest.api.v2010.account.usage.TriggerTest
[INFO] Running com.twilio.rest.api.v2010.account.incomingphonenumber.TollFreeTest
[INFO] Tests run: 9, Failures: 0, Errors: 0, Skipped: 0, Time elapsed: 8.297 s - in com.twilio.rest.api.v2010.account.queue.MemberTest
[INFO] Running com.twilio.rest.api.v2010.account.incomingphonenumber.AssignedAddOnTest
[INFO] Tests run: 5, Failures: 0, Errors: 0, Skipped: 0, Time elapsed: 5.019 s - in com.twilio.rest.api.v2010.account.incomingphonenumber.MobileTest
[INFO] Running com.twilio.rest.api.v2010.account.ConnectAppTest
[INFO] Tests run: 16, Failures: 0, Errors: 0, Skipped: 0, Time elapsed: 14.638 s - in com.twilio.rest.api.v2010.account.ConferenceTest
[INFO] Running com.twilio.rest.api.v2010.account.ShortCodeTest
[INFO] Tests run: 5, Failures: 0, Errors: 0, Skipped: 0, Time elapsed: 4.632 s - in com.twilio.rest.api.v2010.account.incomingphonenumber.LocalTest
[INFO] Running com.twilio.rest.api.v2010.account.TokenTest
[INFO] Tests run: 5, Failures: 0, Errors: 0, Skipped: 0, Time elapsed: 4.815 s - in com.twilio.rest.api.v2010.account.incomingphonenumber.TollFreeTest
[INFO] Running com.twilio.rest.api.v2010.account.ApplicationTest
[INFO] Tests run: 2, Failures: 0, Errors: 0, Skipped: 0, Time elapsed: 1.813 s - in com.twilio.rest.api.v2010.account.TokenTest
[INFO] Running com.twilio.rest.api.v2010.account.TranscriptionTest
[INFO] Tests run: 5, Failures: 0, Errors: 0, Skipped: 0, Time elapsed: 8.282 s - in com.twilio.rest.api.v2010.account.incomingphonenumber.assignedaddon.AssignedAddOnExtensionTest
[INFO] Running com.twilio.rest.api.v2010.account.NewSigningKeyTest
[INFO] Tests run: 11, Failures: 0, Errors: 0, Skipped: 0, Time elapsed: 9.691 s - in com.twilio.rest.api.v2010.account.IncomingPhoneNumberTest
[INFO] Running com.twilio.rest.api.v2010.account.conference.RecordingTest
[INFO] Tests run: 9, Failures: 0, Errors: 0, Skipped: 0, Time elapsed: 7.909 s - in com.twilio.rest.api.v2010.account.incomingphonenumber.AssignedAddOnTest
[INFO] Running com.twilio.rest.api.v2010.account.conference.ParticipantTest
[INFO] Tests run: 23, Failures: 0, Errors: 0, Skipped: 0, Time elapsed: 19.292 s - in com.twilio.rest.api.v2010.account.MessageTest
[INFO] Running com.twilio.rest.api.v2010.account.NotificationTest
[INFO] Tests run: 7, Failures: 0, Errors: 0, Skipped: 0, Time elapsed: 6.384 s - in com.twilio.rest.api.v2010.account.ShortCodeTest
[INFO] Running com.twilio.rest.api.v2010.account.sip.IpAccessControlListTest
[INFO] Tests run: 2, Failures: 0, Errors: 0, Skipped: 0, Time elapsed: 3.622 s - in com.twilio.rest.api.v2010.account.NewSigningKeyTest
[INFO] Running com.twilio.rest.api.v2010.account.sip.ipaccesscontrollist.IpAddressTest
[INFO] Tests run: 9, Failures: 0, Errors: 0, Skipped: 0, Time elapsed: 7.725 s - in com.twilio.rest.api.v2010.account.ConnectAppTest
[INFO] Running com.twilio.rest.api.v2010.account.sip.CredentialListTest
[INFO] Tests run: 7, Failures: 0, Errors: 0, Skipped: 0, Time elapsed: 5.835 s - in com.twilio.rest.api.v2010.account.TranscriptionTest
[INFO] Running com.twilio.rest.api.v2010.account.sip.domain.CredentialListMappingTest
[INFO] Tests run: 5, Failures: 0, Errors: 0, Skipped: 0, Time elapsed: 4.034 s - in com.twilio.rest.api.v2010.account.NotificationTest
[INFO] Running com.twilio.rest.api.v2010.account.sip.domain.authtypes.authtyperegistrations.AuthRegistrationsCredentialListMappingTest
[INFO] Tests run: 11, Failures: 0, Errors: 0, Skipped: 0, Time elapsed: 10.235 s - in com.twilio.rest.api.v2010.account.ApplicationTest
[INFO] Running com.twilio.rest.api.v2010.account.sip.domain.authtypes.authtypecalls.AuthCallsCredentialListMappingTest
[INFO] Tests run: 9, Failures: 0, Errors: 0, Skipped: 0, Time elapsed: 8.092 s - in com.twilio.rest.api.v2010.account.conference.RecordingTest
[INFO] Running com.twilio.rest.api.v2010.account.sip.domain.authtypes.authtypecalls.AuthCallsIpAccessControlListMappingTest
[INFO] Tests run: 9, Failures: 0, Errors: 0, Skipped: 0, Time elapsed: 7.581 s - in com.twilio.rest.api.v2010.account.sip.domain.CredentialListMappingTest
[INFO] Running com.twilio.rest.api.v2010.account.sip.domain.IpAccessControlListMappingTest
[INFO] Tests run: 11, Failures: 0, Errors: 0, Skipped: 0, Time elapsed: 10.022 s - in com.twilio.rest.api.v2010.account.sip.IpAccessControlListTest
[INFO] Running com.twilio.rest.api.v2010.account.sip.credentiallist.CredentialTest
[INFO] Tests run: 11, Failures: 0, Errors: 0, Skipped: 0, Time elapsed: 9.256 s - in com.twilio.rest.api.v2010.account.sip.CredentialListTest
[INFO] Running com.twilio.rest.api.v2010.account.sip.DomainTest
[INFO] Tests run: 9, Failures: 0, Errors: 0, Skipped: 0, Time elapsed: 8.274 s - in com.twilio.rest.api.v2010.account.sip.domain.authtypes.authtyperegistrations.AuthRegistrationsCredentialListMappingTest
[INFO] Running com.twilio.rest.api.v2010.account.CallTest
[INFO] Tests run: 9, Failures: 0, Errors: 0, Skipped: 0, Time elapsed: 8.166 s - in com.twilio.rest.api.v2010.account.sip.domain.authtypes.authtypecalls.AuthCallsCredentialListMappingTest
[INFO] Running com.twilio.rest.api.v2010.account.AuthorizedConnectAppTest
[INFO] Tests run: 9, Failures: 0, Errors: 0, Skipped: 0, Time elapsed: 8.16 s - in com.twilio.rest.api.v2010.account.sip.domain.authtypes.authtypecalls.AuthCallsIpAccessControlListMappingTest
[INFO] Running com.twilio.rest.api.v2010.account.QueueTest
[INFO] Tests run: 9, Failures: 0, Errors: 0, Skipped: 0, Time elapsed: 8.546 s - in com.twilio.rest.api.v2010.account.sip.domain.IpAccessControlListMappingTest
[INFO] Running com.twilio.rest.api.v2010.account.recording.AddOnResultTest
[INFO] Tests run: 11, Failures: 0, Errors: 0, Skipped: 0, Time elapsed: 16.836 s - in com.twilio.rest.api.v2010.account.sip.ipaccesscontrollist.IpAddressTest
[INFO] Running com.twilio.rest.api.v2010.account.recording.addonresult.PayloadTest
[INFO] Tests run: 5, Failures: 0, Errors: 0, Skipped: 0, Time elapsed: 5.313 s - in com.twilio.rest.api.v2010.account.AuthorizedConnectAppTest
[INFO] Running com.twilio.rest.api.v2010.account.recording.TranscriptionTest
[INFO] Tests run: 11, Failures: 0, Errors: 0, Skipped: 0, Time elapsed: 10.373 s - in com.twilio.rest.api.v2010.account.sip.credentiallist.CredentialTest
[INFO] Running com.twilio.rest.api.v2010.account.AddressTest
[INFO] Tests run: 11, Failures: 0, Errors: 0, Skipped: 0, Time elapsed: 10.462 s - in com.twilio.rest.api.v2010.account.sip.DomainTest
[INFO] Running com.twilio.rest.api.v2010.account.KeyTest
[INFO] Tests run: 30, Failures: 0, Errors: 0, Skipped: 0, Time elapsed: 26.889 s - in com.twilio.rest.api.v2010.account.conference.ParticipantTest
[INFO] Running com.twilio.rest.api.v2010.account.NewKeyTest
[INFO] Tests run: 7, Failures: 0, Errors: 0, Skipped: 0, Time elapsed: 9.242 s - in com.twilio.rest.api.v2010.account.recording.AddOnResultTest
[INFO] Running com.twilio.rest.trunking.v1.TrunkTest
[INFO] Tests run: 11, Failures: 0, Errors: 0, Skipped: 0, Time elapsed: 13.32 s - in com.twilio.rest.api.v2010.account.QueueTest
[INFO] Running com.twilio.rest.trunking.v1.trunk.PhoneNumberTest
[INFO] Tests run: 7, Failures: 0, Errors: 0, Skipped: 0, Time elapsed: 9.807 s - in com.twilio.rest.api.v2010.account.recording.TranscriptionTest
[INFO] Running com.twilio.rest.trunking.v1.trunk.IpAccessControlListTest
[INFO] Tests run: 2, Failures: 0, Errors: 0, Skipped: 0, Time elapsed: 3.077 s - in com.twilio.rest.api.v2010.account.NewKeyTest
[INFO] Running com.twilio.rest.trunking.v1.trunk.CredentialListTest
[INFO] Tests run: 18, Failures: 0, Errors: 0, Skipped: 0, Time elapsed: 19.176 s - in com.twilio.rest.api.v2010.account.CallTest
[INFO] Running com.twilio.rest.trunking.v1.trunk.RecordingTest
[INFO] Tests run: 7, Failures: 0, Errors: 0, Skipped: 0, Time elapsed: 13.831 s - in com.twilio.rest.api.v2010.account.recording.addonresult.PayloadTest
[INFO] Running com.twilio.rest.trunking.v1.trunk.OriginationUrlTest
[INFO] Tests run: 9, Failures: 0, Errors: 0, Skipped: 0, Time elapsed: 11.406 s - in com.twilio.rest.api.v2010.account.KeyTest
[INFO] Running com.twilio.rest.ipmessaging.v2.service.user.UserChannelTest
[INFO] Tests run: 11, Failures: 0, Errors: 0, Skipped: 0, Time elapsed: 16.076 s - in com.twilio.rest.api.v2010.account.AddressTest
[INFO] Running com.twilio.rest.ipmessaging.v2.service.user.UserBindingTest
[INFO] Tests run: 4, Failures: 0, Errors: 0, Skipped: 0, Time elapsed: 5.992 s - in com.twilio.rest.trunking.v1.trunk.RecordingTest
[INFO] Running com.twilio.rest.ipmessaging.v2.service.RoleTest
[INFO] Tests run: 9, Failures: 0, Errors: 0, Skipped: 0, Time elapsed: 12.063 s - in com.twilio.rest.trunking.v1.trunk.IpAccessControlListTest
[INFO] Running com.twilio.rest.ipmessaging.v2.service.UserTest
[INFO] Tests run: 9, Failures: 0, Errors: 0, Skipped: 0, Time elapsed: 12.643 s - in com.twilio.rest.trunking.v1.trunk.PhoneNumberTest
[INFO] Running com.twilio.rest.ipmessaging.v2.service.BindingTest
[INFO] Tests run: 9, Failures: 0, Errors: 0, Skipped: 0, Time elapsed: 13.941 s - in com.twilio.rest.trunking.v1.trunk.CredentialListTest
[INFO] Running com.twilio.rest.ipmessaging.v2.service.channel.MemberTest
[INFO] Tests run: 11, Failures: 0, Errors: 0, Skipped: 0, Time elapsed: 15.922 s - in com.twilio.rest.trunking.v1.TrunkTest
[INFO] Running com.twilio.rest.ipmessaging.v2.service.channel.MessageTest
[INFO] Tests run: 10, Failures: 0, Errors: 0, Skipped: 0, Time elapsed: 15.217 s - in com.twilio.rest.ipmessaging.v2.service.user.UserChannelTest
[INFO] Running com.twilio.rest.ipmessaging.v2.service.channel.InviteTest
[INFO] Tests run: 7, Failures: 0, Errors: 0, Skipped: 0, Time elapsed: 12.156 s - in com.twilio.rest.ipmessaging.v2.service.user.UserBindingTest
[INFO] Running com.twilio.rest.ipmessaging.v2.service.channel.WebhookTest
[INFO] Tests run: 7, Failures: 0, Errors: 0, Skipped: 0, Time elapsed: 12.189 s - in com.twilio.rest.ipmessaging.v2.service.BindingTest
[INFO] Running com.twilio.rest.ipmessaging.v2.service.ChannelTest
[INFO] Tests run: 11, Failures: 0, Errors: 0, Skipped: 0, Time elapsed: 18.281 s - in com.twilio.rest.ipmessaging.v2.service.RoleTest
[INFO] Running com.twilio.rest.ipmessaging.v2.CredentialTest
[INFO] Tests run: 11, Failures: 0, Errors: 0, Skipped: 0, Time elapsed: 25.449 s - in com.twilio.rest.trunking.v1.trunk.OriginationUrlTest
[INFO] Running com.twilio.rest.ipmessaging.v2.ServiceTest
[INFO] Tests run: 11, Failures: 0, Errors: 0, Skipped: 0, Time elapsed: 17.497 s - in com.twilio.rest.ipmessaging.v2.service.UserTest
[INFO] Running com.twilio.rest.ipmessaging.v1.service.user.UserChannelTest
[INFO] Tests run: 11, Failures: 0, Errors: 0, Skipped: 0, Time elapsed: 20.369 s - in com.twilio.rest.ipmessaging.v2.service.channel.MemberTest
[INFO] Running com.twilio.rest.ipmessaging.v1.service.RoleTest
[INFO] Tests run: 9, Failures: 0, Errors: 0, Skipped: 0, Time elapsed: 14.986 s - in com.twilio.rest.ipmessaging.v2.service.channel.InviteTest
[INFO] Running com.twilio.rest.ipmessaging.v1.service.UserTest
[INFO] Tests run: 3, Failures: 0, Errors: 0, Skipped: 0, Time elapsed: 5.704 s - in com.twilio.rest.ipmessaging.v1.service.user.UserChannelTest
[INFO] Running com.twilio.rest.ipmessaging.v1.service.channel.MemberTest
[INFO] Tests run: 14, Failures: 0, Errors: 0, Skipped: 0, Time elapsed: 21.296 s - in com.twilio.rest.ipmessaging.v2.service.channel.MessageTest
[INFO] Running com.twilio.rest.ipmessaging.v1.service.channel.MessageTest
[INFO] Tests run: 11, Failures: 0, Errors: 0, Skipped: 0, Time elapsed: 18.398 s - in com.twilio.rest.ipmessaging.v2.service.channel.WebhookTest
[INFO] Running com.twilio.rest.ipmessaging.v1.service.channel.InviteTest
[INFO] Tests run: 11, Failures: 0, Errors: 0, Skipped: 0, Time elapsed: 19.446 s - in com.twilio.rest.ipmessaging.v2.service.ChannelTest
[INFO] Running com.twilio.rest.ipmessaging.v1.service.ChannelTest
[INFO] Tests run: 11, Failures: 0, Errors: 0, Skipped: 0, Time elapsed: 20.187 s - in com.twilio.rest.ipmessaging.v2.CredentialTest
[INFO] Running com.twilio.rest.ipmessaging.v1.CredentialTest
[INFO] Tests run: 11, Failures: 0, Errors: 0, Skipped: 0, Time elapsed: 18.518 s - in com.twilio.rest.ipmessaging.v1.service.UserTest
[INFO] Running com.twilio.rest.ipmessaging.v1.ServiceTest
[INFO] Tests run: 9, Failures: 0, Errors: 0, Skipped: 0, Time elapsed: 14.723 s - in com.twilio.rest.ipmessaging.v1.service.channel.InviteTest
[INFO] Running com.twilio.rest.media.v1.PlayerStreamerTest
[INFO] Tests run: 11, Failures: 0, Errors: 0, Skipped: 0, Time elapsed: 19.933 s - in com.twilio.rest.ipmessaging.v1.service.RoleTest
[INFO] Running com.twilio.rest.media.v1.playerstreamer.PlaybackGrantTest
[INFO] Tests run: 12, Failures: 0, Errors: 0, Skipped: 0, Time elapsed: 19.956 s - in com.twilio.rest.ipmessaging.v1.service.channel.MemberTest
[INFO] Running com.twilio.rest.media.v1.MediaProcessorTest
[INFO] Tests run: 12, Failures: 0, Errors: 0, Skipped: 0, Time elapsed: 20.995 s - in com.twilio.rest.ipmessaging.v1.service.channel.MessageTest
[INFO] Running com.twilio.rest.flexapi.v1.ConfigurationTest
[INFO] Tests run: 11, Failures: 0, Errors: 0, Skipped: 0, Time elapsed: 28.352 s - in com.twilio.rest.ipmessaging.v2.ServiceTest
[INFO] Running com.twilio.rest.flexapi.v1.FlexFlowTest
[INFO] Tests run: 4, Failures: 0, Errors: 0, Skipped: 0, Time elapsed: 6.698 s - in com.twilio.rest.media.v1.playerstreamer.PlaybackGrantTest
[INFO] Running com.twilio.rest.flexapi.v1.ChannelTest
[INFO] Tests run: 11, Failures: 0, Errors: 0, Skipped: 0, Time elapsed: 17.651 s - in com.twilio.rest.ipmessaging.v1.service.ChannelTest
[INFO] Running com.twilio.rest.flexapi.v1.WebChannelTest
[INFO] Tests run: 11, Failures: 0, Errors: 0, Skipped: 0, Time elapsed: 19.312 s - in com.twilio.rest.ipmessaging.v1.CredentialTest
[INFO] Running com.twilio.rest.video.v1.room.RecordingRulesTest
[INFO] Tests run: 6, Failures: 0, Errors: 0, Skipped: 0, Time elapsed: 10.541 s - in com.twilio.rest.flexapi.v1.ConfigurationTest
[INFO] Running com.twilio.rest.video.v1.room.ParticipantTest
[INFO] Tests run: 10, Failures: 0, Errors: 0, Skipped: 0, Time elapsed: 15.718 s - in com.twilio.rest.media.v1.PlayerStreamerTest
[INFO] Running com.twilio.rest.video.v1.room.participant.PublishedTrackTest
[INFO] Tests run: 11, Failures: 0, Errors: 0, Skipped: 0, Time elapsed: 17.609 s - in com.twilio.rest.ipmessaging.v1.ServiceTest
[INFO] Running com.twilio.rest.video.v1.room.participant.SubscribeRulesTest
[INFO] Tests run: 11, Failures: 0, Errors: 0, Skipped: 0, Time elapsed: 18.913 s - in com.twilio.rest.media.v1.MediaProcessorTest
[INFO] Running com.twilio.rest.video.v1.room.participant.SubscribedTrackTest
[INFO] Tests run: 4, Failures: 0, Errors: 0, Skipped: 0, Time elapsed: 7.309 s - in com.twilio.rest.video.v1.room.RecordingRulesTest
[INFO] Running com.twilio.rest.video.v1.room.RoomRecordingTest
[INFO] Tests run: 9, Failures: 0, Errors: 0, Skipped: 0, Time elapsed: 15.12 s - in com.twilio.rest.flexapi.v1.ChannelTest
[INFO] Running com.twilio.rest.video.v1.CompositionHookTest
[INFO] Tests run: 4, Failures: 0, Errors: 0, Skipped: 0, Time elapsed: 7.515 s - in com.twilio.rest.video.v1.room.participant.PublishedTrackTest
[INFO] Running com.twilio.rest.video.v1.RecordingTest
[INFO] Tests run: 4, Failures: 0, Errors: 0, Skipped: 0, Time elapsed: 7.196 s - in com.twilio.rest.video.v1.room.participant.SubscribeRulesTest
[INFO] Running com.twilio.rest.video.v1.RoomTest
[INFO] Tests run: 7, Failures: 0, Errors: 0, Skipped: 0, Time elapsed: 11.492 s - in com.twilio.rest.video.v1.room.ParticipantTest
[INFO] Running com.twilio.rest.video.v1.RecordingSettingsTest
[INFO] Tests run: 11, Failures: 0, Errors: 0, Skipped: 0, Time elapsed: 19.609 s - in com.twilio.rest.flexapi.v1.WebChannelTest
[INFO] Running com.twilio.rest.video.v1.CompositionTest
[INFO] Tests run: 4, Failures: 0, Errors: 0, Skipped: 0, Time elapsed: 7.695 s - in com.twilio.rest.video.v1.room.participant.SubscribedTrackTest
[INFO] Running com.twilio.rest.video.v1.CompositionSettingsTest
[INFO] Tests run: 4, Failures: 0, Errors: 0, Skipped: 0, Time elapsed: 6.634 s - in com.twilio.rest.video.v1.RecordingSettingsTest
[INFO] Running com.twilio.rest.proxy.v1.service.PhoneNumberTest
[INFO] Tests run: 11, Failures: 0, Errors: 0, Skipped: 0, Time elapsed: 29.565 s - in com.twilio.rest.flexapi.v1.FlexFlowTest
[INFO] Tests run: 7, Failures: 0, Errors: 0, Skipped: 0, Time elapsed: 12.392 s - in com.twilio.rest.video.v1.room.RoomRecordingTest
[INFO] Running com.twilio.rest.proxy.v1.service.session.InteractionTest
[INFO] Running com.twilio.rest.proxy.v1.service.session.ParticipantTest
[INFO] Tests run: 4, Failures: 0, Errors: 0, Skipped: 0, Time elapsed: 7.197 s - in com.twilio.rest.video.v1.CompositionSettingsTest
[INFO] Running com.twilio.rest.proxy.v1.service.session.participant.MessageInteractionTest
[INFO] Tests run: 7, Failures: 0, Errors: 0, Skipped: 0, Time elapsed: 11.936 s - in com.twilio.rest.video.v1.RecordingTest
[INFO] Running com.twilio.rest.proxy.v1.service.SessionTest
[INFO] Tests run: 12, Failures: 0, Errors: 0, Skipped: 0, Time elapsed: 18.917 s - in com.twilio.rest.video.v1.CompositionHookTest
[INFO] Running com.twilio.rest.proxy.v1.service.ShortCodeTest
[INFO] Tests run: 10, Failures: 0, Errors: 0, Skipped: 0, Time elapsed: 14.573 s - in com.twilio.rest.video.v1.CompositionTest
[INFO] Running com.twilio.rest.proxy.v1.ServiceTest
[INFO] Tests run: 6, Failures: 0, Errors: 0, Skipped: 0, Time elapsed: 8.56 s - in com.twilio.rest.proxy.v1.service.session.participant.MessageInteractionTest
[INFO] Running com.twilio.rest.preview.wireless.RatePlanTest
[INFO] Tests run: 15, Failures: 0, Errors: 0, Skipped: 0, Time elapsed: 20.654 s - in com.twilio.rest.video.v1.RoomTest
[INFO] Running com.twilio.rest.preview.wireless.CommandTest
[INFO] Tests run: 6, Failures: 0, Errors: 0, Skipped: 0, Time elapsed: 11.662 s - in com.twilio.rest.proxy.v1.service.session.InteractionTest
[INFO] Running com.twilio.rest.preview.wireless.sim.UsageTest
[INFO] Tests run: 10, Failures: 0, Errors: 0, Skipped: 0, Time elapsed: 14.226 s - in com.twilio.rest.proxy.v1.service.PhoneNumberTest
[INFO] Running com.twilio.rest.preview.wireless.SimTest
[INFO] Tests run: 2, Failures: 0, Errors: 0, Skipped: 0, Time elapsed: 4.261 s - in com.twilio.rest.preview.wireless.sim.UsageTest
[INFO] Tests run: 10, Failures: 0, Errors: 0, Skipped: 0, Time elapsed: 15.863 s - in com.twilio.rest.proxy.v1.service.session.ParticipantTest
[INFO] Running com.twilio.rest.preview.hostedNumbers.HostedNumberOrderTest
[INFO] Running com.twilio.rest.preview.hostedNumbers.AuthorizationDocumentTest
[INFO] Tests run: 10, Failures: 0, Errors: 0, Skipped: 0, Time elapsed: 15.036 s - in com.twilio.rest.proxy.v1.service.SessionTest
[INFO] Running com.twilio.rest.preview.hostedNumbers.authorizationdocument.DependentHostedNumberOrderTest
[INFO] Tests run: 7, Failures: 0, Errors: 0, Skipped: 0, Time elapsed: 8.428 s - in com.twilio.rest.preview.wireless.CommandTest
[INFO] Running com.twilio.rest.preview.trustedComms.BrandedChannelTest
[INFO] Tests run: 10, Failures: 0, Errors: 0, Skipped: 0, Time elapsed: 13.534 s - in com.twilio.rest.proxy.v1.service.ShortCodeTest
[INFO] Running com.twilio.rest.preview.trustedComms.CpsTest
[INFO] Tests run: 3, Failures: 0, Errors: 0, Skipped: 0, Time elapsed: 5.065 s - in com.twilio.rest.preview.hostedNumbers.authorizationdocument.DependentHostedNumberOrderTest
[INFO] Running com.twilio.rest.preview.trustedComms.brandedchannel.ChannelTest
[INFO] Tests run: 10, Failures: 0, Errors: 0, Skipped: 0, Time elapsed: 14.102 s - in com.twilio.rest.proxy.v1.ServiceTest
[INFO] Running com.twilio.rest.preview.trustedComms.CurrentCallTest
[INFO] Tests run: 7, Failures: 0, Errors: 0, Skipped: 0, Time elapsed: 10.933 s - in com.twilio.rest.preview.wireless.SimTest
[INFO] Running com.twilio.rest.preview.trustedComms.BrandsInformationTest
[INFO] Tests run: 2, Failures: 0, Errors: 0, Skipped: 0, Time elapsed: 4.435 s - in com.twilio.rest.preview.trustedComms.BrandedChannelTest
[INFO] Running com.twilio.rest.preview.understand.assistant.fieldtype.FieldValueTest
[INFO] Tests run: 2, Failures: 0, Errors: 0, Skipped: 0, Time elapsed: 4.487 s - in com.twilio.rest.preview.trustedComms.CpsTest
[INFO] Running com.twilio.rest.preview.understand.assistant.AssistantFallbackActionsTest
[INFO] Tests run: 2, Failures: 0, Errors: 0, Skipped: 0, Time elapsed: 3.719 s - in com.twilio.rest.preview.trustedComms.CurrentCallTest
[INFO] Running com.twilio.rest.preview.understand.assistant.StyleSheetTest
[INFO] Tests run: 2, Failures: 0, Errors: 0, Skipped: 0, Time elapsed: 4.426 s - in com.twilio.rest.preview.trustedComms.brandedchannel.ChannelTest
[INFO] Running com.twilio.rest.preview.understand.assistant.DialogueTest
[INFO] Tests run: 2, Failures: 0, Errors: 0, Skipped: 0, Time elapsed: 4.233 s - in com.twilio.rest.preview.trustedComms.BrandsInformationTest
[INFO] Running com.twilio.rest.preview.understand.assistant.QueryTest
[INFO] Tests run: 11, Failures: 0, Errors: 0, Skipped: 0, Time elapsed: 17.785 s - in com.twilio.rest.preview.wireless.RatePlanTest
[INFO] Running com.twilio.rest.preview.understand.assistant.ModelBuildTest
[INFO] Tests run: 2, Failures: 0, Errors: 0, Skipped: 0, Time elapsed: 4.396 s - in com.twilio.rest.preview.understand.assistant.DialogueTest
[INFO] Running com.twilio.rest.preview.understand.assistant.TaskTest
[INFO] Tests run: 9, Failures: 0, Errors: 0, Skipped: 0, Time elapsed: 16.409 s - in com.twilio.rest.preview.hostedNumbers.AuthorizationDocumentTest
[INFO] Running com.twilio.rest.preview.understand.assistant.AssistantInitiationActionsTest
[INFO] Tests run: 4, Failures: 0, Errors: 0, Skipped: 0, Time elapsed: 7.337 s - in com.twilio.rest.preview.understand.assistant.AssistantFallbackActionsTest
[INFO] Running com.twilio.rest.preview.understand.assistant.task.TaskStatisticsTest
[INFO] Tests run: 4, Failures: 0, Errors: 0, Skipped: 0, Time elapsed: 7.153 s - in com.twilio.rest.preview.understand.assistant.StyleSheetTest
[INFO] Running com.twilio.rest.preview.understand.assistant.task.SampleTest
[INFO] Tests run: 2, Failures: 0, Errors: 0, Skipped: 0, Time elapsed: 2.315 s - in com.twilio.rest.preview.understand.assistant.task.TaskStatisticsTest
[INFO] Running com.twilio.rest.preview.understand.assistant.task.TaskActionsTest
[INFO] Tests run: 9, Failures: 0, Errors: 0, Skipped: 0, Time elapsed: 11.887 s - in com.twilio.rest.preview.understand.assistant.fieldtype.FieldValueTest
[INFO] Running com.twilio.rest.preview.understand.assistant.task.FieldTest
[INFO] Tests run: 4, Failures: 0, Errors: 0, Skipped: 0, Time elapsed: 4.358 s - in com.twilio.rest.preview.understand.assistant.AssistantInitiationActionsTest
[INFO] Running com.twilio.rest.preview.understand.assistant.FieldTypeTest
[INFO] Tests run: 4, Failures: 0, Errors: 0, Skipped: 0, Time elapsed: 4.414 s - in com.twilio.rest.preview.understand.assistant.task.TaskActionsTest
[INFO] Running com.twilio.rest.preview.understand.AssistantTest
[INFO] Tests run: 11, Failures: 0, Errors: 0, Skipped: 0, Time elapsed: 12.48 s - in com.twilio.rest.preview.understand.assistant.QueryTest
[INFO] Running com.twilio.rest.preview.sync.service.synclist.SyncListItemTest
[INFO] Tests run: 11, Failures: 0, Errors: 0, Skipped: 0, Time elapsed: 13.143 s - in com.twilio.rest.preview.understand.assistant.ModelBuildTest
[INFO] Running com.twilio.rest.preview.sync.service.synclist.SyncListPermissionTest
[INFO] Tests run: 13, Failures: 0, Errors: 0, Skipped: 0, Time elapsed: 26.167 s - in com.twilio.rest.preview.hostedNumbers.HostedNumberOrderTest
[INFO] Running com.twilio.rest.preview.sync.service.document.DocumentPermissionTest
[INFO] Tests run: 11, Failures: 0, Errors: 0, Skipped: 0, Time elapsed: 11.549 s - in com.twilio.rest.preview.understand.assistant.TaskTest
[INFO] Running com.twilio.rest.preview.sync.service.syncmap.SyncMapItemTest
[INFO] Tests run: 11, Failures: 0, Errors: 0, Skipped: 0, Time elapsed: 10.747 s - in com.twilio.rest.preview.understand.assistant.task.SampleTest
[INFO] Running com.twilio.rest.preview.sync.service.syncmap.SyncMapPermissionTest
[INFO] Tests run: 9, Failures: 0, Errors: 0, Skipped: 0, Time elapsed: 9.177 s - in com.twilio.rest.preview.understand.assistant.task.FieldTest
[INFO] Running com.twilio.rest.preview.sync.service.DocumentTest
[INFO] Tests run: 11, Failures: 0, Errors: 0, Skipped: 0, Time elapsed: 11.81 s - in com.twilio.rest.preview.understand.assistant.FieldTypeTest
[INFO] Running com.twilio.rest.preview.sync.service.SyncListTest
[INFO] Tests run: 9, Failures: 0, Errors: 0, Skipped: 0, Time elapsed: 9.255 s - in com.twilio.rest.preview.sync.service.synclist.SyncListPermissionTest
[INFO] Running com.twilio.rest.preview.sync.service.SyncMapTest
[INFO] Tests run: 11, Failures: 0, Errors: 0, Skipped: 0, Time elapsed: 11.385 s - in com.twilio.rest.preview.sync.service.synclist.SyncListItemTest
[INFO] Running com.twilio.rest.preview.sync.ServiceTest
[INFO] Tests run: 11, Failures: 0, Errors: 0, Skipped: 0, Time elapsed: 11.9 s - in com.twilio.rest.preview.understand.AssistantTest
[INFO] Running com.twilio.rest.preview.deployedDevices.fleet.DeviceTest
[INFO] Tests run: 9, Failures: 0, Errors: 0, Skipped: 0, Time elapsed: 9.533 s - in com.twilio.rest.preview.sync.service.syncmap.SyncMapPermissionTest
[INFO] Running com.twilio.rest.preview.deployedDevices.fleet.CertificateTest
[INFO] Tests run: 11, Failures: 0, Errors: 0, Skipped: 0, Time elapsed: 11.56 s - in com.twilio.rest.preview.sync.service.syncmap.SyncMapItemTest
[INFO] Running com.twilio.rest.preview.deployedDevices.fleet.DeploymentTest
[INFO] Tests run: 11, Failures: 0, Errors: 0, Skipped: 0, Time elapsed: 10.777 s - in com.twilio.rest.preview.sync.service.DocumentTest
[INFO] Running com.twilio.rest.preview.deployedDevices.fleet.KeyTest
[INFO] Tests run: 9, Failures: 0, Errors: 0, Skipped: 0, Time elapsed: 14.105 s - in com.twilio.rest.preview.sync.service.document.DocumentPermissionTest
[INFO] Running com.twilio.rest.preview.deployedDevices.FleetTest
[INFO] Tests run: 9, Failures: 0, Errors: 0, Skipped: 0, Time elapsed: 9.036 s - in com.twilio.rest.preview.sync.service.SyncListTest
[INFO] Running com.twilio.rest.preview.bulkExports.ExportTest
[INFO] Tests run: 9, Failures: 0, Errors: 0, Skipped: 0, Time elapsed: 8.784 s - in com.twilio.rest.preview.sync.service.SyncMapTest
[INFO] Running com.twilio.rest.preview.bulkExports.export.DayTest
[INFO] Tests run: 2, Failures: 0, Errors: 0, Skipped: 0, Time elapsed: 2.287 s - in com.twilio.rest.preview.bulkExports.ExportTest
[INFO] Running com.twilio.rest.preview.bulkExports.export.ExportCustomJobTest
[INFO] Tests run: 11, Failures: 0, Errors: 0, Skipped: 0, Time elapsed: 10.751 s - in com.twilio.rest.preview.sync.ServiceTest
[INFO] Running com.twilio.rest.preview.bulkExports.export.JobTest
[INFO] Tests run: 11, Failures: 0, Errors: 0, Skipped: 0, Time elapsed: 10.84 s - in com.twilio.rest.preview.deployedDevices.fleet.DeviceTest
[INFO] Running com.twilio.rest.preview.bulkExports.ExportConfigurationTest
[INFO] Tests run: 11, Failures: 0, Errors: 0, Skipped: 0, Time elapsed: 10.177 s - in com.twilio.rest.preview.deployedDevices.fleet.CertificateTest
[INFO] Running com.twilio.rest.preview.marketplace.AvailableAddOnTest
[INFO] Tests run: 5, Failures: 0, Errors: 0, Skipped: 0, Time elapsed: 4.99 s - in com.twilio.rest.preview.bulkExports.export.DayTest
[INFO] Running com.twilio.rest.preview.marketplace.InstalledAddOnTest
[INFO] Tests run: 5, Failures: 0, Errors: 0, Skipped: 0, Time elapsed: 4.522 s - in com.twilio.rest.preview.bulkExports.export.ExportCustomJobTest
[INFO] Running com.twilio.rest.preview.marketplace.availableaddon.AvailableAddOnExtensionTest
[INFO] Tests run: 11, Failures: 0, Errors: 0, Skipped: 0, Time elapsed: 10.636 s - in com.twilio.rest.preview.deployedDevices.fleet.DeploymentTest
[INFO] Running com.twilio.rest.preview.marketplace.installedaddon.InstalledAddOnExtensionTest
[INFO] Tests run: 11, Failures: 0, Errors: 0, Skipped: 0, Time elapsed: 10.142 s - in com.twilio.rest.preview.deployedDevices.fleet.KeyTest
[INFO] Running com.twilio.rest.insights.v1.call.EventTest
[INFO] Tests run: 4, Failures: 0, Errors: 0, Skipped: 0, Time elapsed: 4.629 s - in com.twilio.rest.preview.bulkExports.ExportConfigurationTest
[INFO] Tests run: 4, Failures: 0, Errors: 0, Skipped: 0, Time elapsed: 4.886 s - in com.twilio.rest.preview.bulkExports.export.JobTest
[INFO] Running com.twilio.rest.insights.v1.call.MetricTest
[INFO] Running com.twilio.rest.insights.v1.call.CallSummaryTest
[INFO] Tests run: 5, Failures: 0, Errors: 0, Skipped: 0, Time elapsed: 5.468 s - in com.twilio.rest.preview.marketplace.AvailableAddOnTest
[INFO] Running com.twilio.rest.insights.v1.ConferenceTest
[INFO] Tests run: 3, Failures: 0, Errors: 0, Skipped: 0, Time elapsed: 3.122 s - in com.twilio.rest.insights.v1.call.EventTest
[INFO] Running com.twilio.rest.insights.v1.CallSummariesTest
[INFO] Tests run: 5, Failures: 0, Errors: 0, Skipped: 0, Time elapsed: 5.256 s - in com.twilio.rest.preview.marketplace.availableaddon.AvailableAddOnExtensionTest
[INFO] Running com.twilio.rest.insights.v1.room.ParticipantTest
[INFO] Tests run: 2, Failures: 0, Errors: 0, Skipped: 0, Time elapsed: 2.489 s - in com.twilio.rest.insights.v1.call.CallSummaryTest
[INFO] Running com.twilio.rest.insights.v1.RoomTest
[INFO] Tests run: 3, Failures: 0, Errors: 0, Skipped: 0, Time elapsed: 3.317 s - in com.twilio.rest.insights.v1.call.MetricTest
[INFO] Running com.twilio.rest.insights.v1.conference.ConferenceParticipantTest
[INFO] Tests run: 7, Failures: 0, Errors: 0, Skipped: 0, Time elapsed: 7.734 s - in com.twilio.rest.preview.marketplace.installedaddon.InstalledAddOnExtensionTest
[INFO] Running com.twilio.rest.insights.v1.CallTest
[INFO] Tests run: 11, Failures: 0, Errors: 0, Skipped: 0, Time elapsed: 17.524 s - in com.twilio.rest.preview.deployedDevices.FleetTest
[INFO] Running com.twilio.rest.insights.v1.SettingTest
[INFO] Tests run: 5, Failures: 0, Errors: 0, Skipped: 0, Time elapsed: 4.469 s - in com.twilio.rest.insights.v1.room.ParticipantTest
[INFO] Running com.twilio.rest.voice.v1.connectionpolicy.ConnectionPolicyTargetTest
[INFO] Tests run: 5, Failures: 0, Errors: 0, Skipped: 0, Time elapsed: 4.869 s - in com.twilio.rest.insights.v1.RoomTest
[INFO] Running com.twilio.rest.voice.v1.IpRecordTest
[INFO] Tests run: 2, Failures: 0, Errors: 0, Skipped: 0, Time elapsed: 2.419 s - in com.twilio.rest.insights.v1.CallTest
[INFO] Running com.twilio.rest.voice.v1.ConnectionPolicyTest
[INFO] Tests run: 5, Failures: 0, Errors: 0, Skipped: 0, Time elapsed: 5.285 s - in com.twilio.rest.insights.v1.conference.ConferenceParticipantTest
[INFO] Running com.twilio.rest.voice.v1.ByocTrunkTest
[INFO] Tests run: 6, Failures: 0, Errors: 0, Skipped: 0, Time elapsed: 6.689 s - in com.twilio.rest.insights.v1.CallSummariesTest
[INFO] Running com.twilio.rest.voice.v1.dialingpermissions.CountryTest
[INFO] Tests run: 11, Failures: 0, Errors: 0, Skipped: 0, Time elapsed: 12.218 s - in com.twilio.rest.preview.marketplace.InstalledAddOnTest
[INFO] Running com.twilio.rest.voice.v1.dialingpermissions.SettingsTest
[INFO] Tests run: 8, Failures: 0, Errors: 0, Skipped: 0, Time elapsed: 8.295 s - in com.twilio.rest.insights.v1.ConferenceTest
[INFO] Running com.twilio.rest.voice.v1.dialingpermissions.country.HighriskSpecialPrefixTest
[INFO] Tests run: 2, Failures: 0, Errors: 0, Skipped: 0, Time elapsed: 2 s - in com.twilio.rest.voice.v1.dialingpermissions.country.HighriskSpecialPrefixTest
[INFO] Running com.twilio.rest.voice.v1.dialingpermissions.BulkCountryUpdateTest
[INFO] Tests run: 4, Failures: 0, Errors: 0, Skipped: 0, Time elapsed: 6.635 s - in com.twilio.rest.insights.v1.SettingTest
[INFO] Running com.twilio.rest.voice.v1.SourceIpMappingTest
[INFO] Tests run: 4, Failures: 0, Errors: 0, Skipped: 0, Time elapsed: 4.177 s - in com.twilio.rest.voice.v1.dialingpermissions.SettingsTest
[INFO] Running com.twilio.rest.voice.v1.ArchivedCallTest
[INFO] Tests run: 4, Failures: 0, Errors: 0, Skipped: 0, Time elapsed: 4.645 s - in com.twilio.rest.voice.v1.dialingpermissions.CountryTest
[INFO] Running com.twilio.rest.events.v1.subscription.SubscribedEventTest
[INFO] Tests run: 2, Failures: 0, Errors: 0, Skipped: 0, Time elapsed: 2.26 s - in com.twilio.rest.voice.v1.dialingpermissions.BulkCountryUpdateTest
[INFO] Running com.twilio.rest.events.v1.SinkTest
[INFO] Tests run: 2, Failures: 0, Errors: 0, Skipped: 0, Time elapsed: 2.461 s - in com.twilio.rest.voice.v1.ArchivedCallTest
[INFO] Running com.twilio.rest.events.v1.EventTypeTest
[INFO] Tests run: 11, Failures: 0, Errors: 0, Skipped: 0, Time elapsed: 11.185 s - in com.twilio.rest.voice.v1.connectionpolicy.ConnectionPolicyTargetTest
[INFO] Running com.twilio.rest.events.v1.schema.SchemaVersionTest
[INFO] Tests run: 11, Failures: 0, Errors: 0, Skipped: 0, Time elapsed: 10.917 s - in com.twilio.rest.voice.v1.IpRecordTest
[INFO] Running com.twilio.rest.events.v1.sink.SinkTestTest
[INFO] Tests run: 11, Failures: 0, Errors: 0, Skipped: 0, Time elapsed: 10.425 s - in com.twilio.rest.voice.v1.ByocTrunkTest
[INFO] Running com.twilio.rest.events.v1.sink.SinkValidateTest
[INFO] Tests run: 11, Failures: 0, Errors: 0, Skipped: 0, Time elapsed: 11.761 s - in com.twilio.rest.voice.v1.ConnectionPolicyTest
[INFO] Running com.twilio.rest.events.v1.SchemaTest
[INFO] Tests run: 2, Failures: 0, Errors: 0, Skipped: 0, Time elapsed: 2.427 s - in com.twilio.rest.events.v1.sink.SinkTestTest
[INFO] Running com.twilio.rest.events.v1.SubscriptionTest
[INFO] Tests run: 2, Failures: 0, Errors: 0, Skipped: 0, Time elapsed: 2.602 s - in com.twilio.rest.events.v1.sink.SinkValidateTest
[INFO] Running com.twilio.rest.lookups.v1.PhoneNumberTest
[INFO] Tests run: 2, Failures: 0, Errors: 0, Skipped: 0, Time elapsed: 2.846 s - in com.twilio.rest.events.v1.SchemaTest
[INFO] Running com.twilio.rest.taskrouter.v1.workspace.WorkspaceRealTimeStatisticsTest
[INFO] Tests run: 6, Failures: 0, Errors: 0, Skipped: 0, Time elapsed: 6.77 s - in com.twilio.rest.events.v1.EventTypeTest
[INFO] Running com.twilio.rest.taskrouter.v1.workspace.WorkspaceCumulativeStatisticsTest
[INFO] Tests run: 5, Failures: 0, Errors: 0, Skipped: 0, Time elapsed: 5.901 s - in com.twilio.rest.events.v1.schema.SchemaVersionTest
[INFO] Running com.twilio.rest.taskrouter.v1.workspace.workflow.WorkflowRealTimeStatisticsTest
[INFO] Tests run: 11, Failures: 0, Errors: 0, Skipped: 0, Time elapsed: 10.94 s - in com.twilio.rest.events.v1.subscription.SubscribedEventTest
[INFO] Running com.twilio.rest.taskrouter.v1.workspace.workflow.WorkflowStatisticsTest
[INFO] Tests run: 2, Failures: 0, Errors: 0, Skipped: 0, Time elapsed: 2.66 s - in com.twilio.rest.taskrouter.v1.workspace.WorkspaceRealTimeStatisticsTest
[INFO] Running com.twilio.rest.taskrouter.v1.workspace.workflow.WorkflowCumulativeStatisticsTest
[INFO] Tests run: 2, Failures: 0, Errors: 0, Skipped: 0, Time elapsed: 2.69 s - in com.twilio.rest.taskrouter.v1.workspace.WorkspaceCumulativeStatisticsTest
[INFO] Running com.twilio.rest.taskrouter.v1.workspace.EventTest
[INFO] Tests run: 2, Failures: 0, Errors: 0, Skipped: 0, Time elapsed: 2.745 s - in com.twilio.rest.taskrouter.v1.workspace.workflow.WorkflowRealTimeStatisticsTest
[INFO] Running com.twilio.rest.taskrouter.v1.workspace.worker.WorkerStatisticsTest
[INFO] Tests run: 2, Failures: 0, Errors: 0, Skipped: 0, Time elapsed: 2.565 s - in com.twilio.rest.taskrouter.v1.workspace.workflow.WorkflowStatisticsTest
[INFO] Running com.twilio.rest.taskrouter.v1.workspace.worker.WorkersStatisticsTest
[INFO] Tests run: 2, Failures: 0, Errors: 0, Skipped: 0, Time elapsed: 2.187 s - in com.twilio.rest.taskrouter.v1.workspace.workflow.WorkflowCumulativeStatisticsTest
[INFO] Running com.twilio.rest.taskrouter.v1.workspace.worker.ReservationTest
[INFO] Tests run: 14, Failures: 0, Errors: 0, Skipped: 0, Time elapsed: 14.038 s - in com.twilio.rest.events.v1.SinkTest
[INFO] Running com.twilio.rest.taskrouter.v1.workspace.worker.WorkerChannelTest
[INFO] Tests run: 2, Failures: 0, Errors: 0, Skipped: 0, Time elapsed: 2.05 s - in com.twilio.rest.taskrouter.v1.workspace.worker.WorkerStatisticsTest
[INFO] Running com.twilio.rest.taskrouter.v1.workspace.worker.WorkersRealTimeStatisticsTest
[INFO] Tests run: 2, Failures: 0, Errors: 0, Skipped: 0, Time elapsed: 2.222 s - in com.twilio.rest.taskrouter.v1.workspace.worker.WorkersStatisticsTest
[INFO] Running com.twilio.rest.taskrouter.v1.workspace.worker.WorkersCumulativeStatisticsTest
[INFO] Tests run: 5, Failures: 0, Errors: 0, Skipped: 0, Time elapsed: 5.838 s - in com.twilio.rest.taskrouter.v1.workspace.EventTest
[INFO] Tests run: 2, Failures: 0, Errors: 0, Skipped: 0, Time elapsed: 2.319 s - in com.twilio.rest.taskrouter.v1.workspace.worker.WorkersRealTimeStatisticsTest
[INFO] Running com.twilio.rest.taskrouter.v1.workspace.TaskChannelTest
[INFO] Running com.twilio.rest.taskrouter.v1.workspace.TaskQueueTest
[INFO] Tests run: 11, Failures: 0, Errors: 0, Skipped: 0, Time elapsed: 18.493 s - in com.twilio.rest.voice.v1.SourceIpMappingTest
[INFO] Running com.twilio.rest.taskrouter.v1.workspace.WorkflowTest
[INFO] Tests run: 2, Failures: 0, Errors: 0, Skipped: 0, Time elapsed: 2.377 s - in com.twilio.rest.taskrouter.v1.workspace.worker.WorkersCumulativeStatisticsTest
[INFO] Running com.twilio.rest.taskrouter.v1.workspace.TaskTest
[INFO] Tests run: 9, Failures: 0, Errors: 0, Skipped: 0, Time elapsed: 10.32 s - in com.twilio.rest.lookups.v1.PhoneNumberTest
[INFO] Running com.twilio.rest.taskrouter.v1.workspace.WorkspaceStatisticsTest
[INFO] Tests run: 12, Failures: 0, Errors: 0, Skipped: 0, Time elapsed: 12.67 s - in com.twilio.rest.events.v1.SubscriptionTest
[INFO] Running com.twilio.rest.taskrouter.v1.workspace.ActivityTest
[INFO] Tests run: 7, Failures: 0, Errors: 0, Skipped: 0, Time elapsed: 5.757 s - in com.twilio.rest.taskrouter.v1.workspace.worker.WorkerChannelTest
[INFO] Running com.twilio.rest.taskrouter.v1.workspace.task.ReservationTest
[INFO] Tests run: 7, Failures: 0, Errors: 0, Skipped: 0, Time elapsed: 7.275 s - in com.twilio.rest.taskrouter.v1.workspace.worker.ReservationTest
[INFO] Running com.twilio.rest.taskrouter.v1.workspace.WorkerTest
[INFO] Tests run: 2, Failures: 0, Errors: 0, Skipped: 0, Time elapsed: 2.545 s - in com.twilio.rest.taskrouter.v1.workspace.WorkspaceStatisticsTest
[INFO] Running com.twilio.rest.taskrouter.v1.workspace.taskqueue.TaskQueuesStatisticsTest
[INFO] Tests run: 3, Failures: 0, Errors: 0, Skipped: 0, Time elapsed: 3.412 s - in com.twilio.rest.taskrouter.v1.workspace.taskqueue.TaskQueuesStatisticsTest
[INFO] Running com.twilio.rest.taskrouter.v1.workspace.taskqueue.TaskQueueRealTimeStatisticsTest
[INFO] Tests run: 2, Failures: 0, Errors: 0, Skipped: 0, Time elapsed: 2.374 s - in com.twilio.rest.taskrouter.v1.workspace.taskqueue.TaskQueueRealTimeStatisticsTest
[INFO] Running com.twilio.rest.taskrouter.v1.workspace.taskqueue.TaskQueueCumulativeStatisticsTest
[INFO] Tests run: 11, Failures: 0, Errors: 0, Skipped: 0, Time elapsed: 11.635 s - in com.twilio.rest.taskrouter.v1.workspace.TaskQueueTest
[INFO] Running com.twilio.rest.taskrouter.v1.workspace.taskqueue.TaskQueueStatisticsTest
[INFO] Tests run: 2, Failures: 0, Errors: 0, Skipped: 0, Time elapsed: 2.625 s - in com.twilio.rest.taskrouter.v1.workspace.taskqueue.TaskQueueCumulativeStatisticsTest
[INFO] Running com.twilio.rest.taskrouter.v1.WorkspaceTest
[INFO] Tests run: 8, Failures: 0, Errors: 0, Skipped: 0, Time elapsed: 9.065 s - in com.twilio.rest.taskrouter.v1.workspace.task.ReservationTest
[INFO] Running com.twilio.rest.monitor.v1.AlertTest
[INFO] Tests run: 12, Failures: 0, Errors: 0, Skipped: 0, Time elapsed: 12.61 s - in com.twilio.rest.taskrouter.v1.workspace.TaskTest
[INFO] Running com.twilio.rest.monitor.v1.EventTest
[INFO] Tests run: 11, Failures: 0, Errors: 0, Skipped: 0, Time elapsed: 10.388 s - in com.twilio.rest.taskrouter.v1.workspace.WorkerTest
[INFO] Running com.twilio.rest.verify.v2.service.EntityTest
[INFO] Tests run: 2, Failures: 0, Errors: 0, Skipped: 0, Time elapsed: 2.211 s - in com.twilio.rest.taskrouter.v1.workspace.taskqueue.TaskQueueStatisticsTest
[INFO] Running com.twilio.rest.verify.v2.service.MessagingConfigurationTest
[INFO] Tests run: 11, Failures: 0, Errors: 0, Skipped: 0, Time elapsed: 11.61 s - in com.twilio.rest.taskrouter.v1.workspace.ActivityTest
[INFO] Running com.twilio.rest.verify.v2.service.VerificationCheckTest
[INFO] Tests run: 14, Failures: 0, Errors: 0, Skipped: 0, Time elapsed: 15.378 s - in com.twilio.rest.taskrouter.v1.workspace.TaskChannelTest
[INFO] Running com.twilio.rest.verify.v2.service.WebhookTest
[INFO] Tests run: 3, Failures: 0, Errors: 0, Skipped: 0, Time elapsed: 3.225 s - in com.twilio.rest.verify.v2.service.VerificationCheckTest
[INFO] Running com.twilio.rest.verify.v2.service.RateLimitTest
[INFO] Tests run: 5, Failures: 0, Errors: 0, Skipped: 0, Time elapsed: 5.087 s - in com.twilio.rest.monitor.v1.AlertTest
[INFO] Running com.twilio.rest.verify.v2.service.ratelimit.BucketTest
[INFO] Tests run: 11, Failures: 0, Errors: 0, Skipped: 0, Time elapsed: 17.714 s - in com.twilio.rest.taskrouter.v1.workspace.WorkflowTest
[INFO] Running com.twilio.rest.verify.v2.service.VerificationTest
[INFO] Tests run: 5, Failures: 0, Errors: 0, Skipped: 0, Time elapsed: 5.11 s - in com.twilio.rest.monitor.v1.EventTest
[INFO] Running com.twilio.rest.verify.v2.service.AccessTokenTest
[INFO] Tests run: 5, Failures: 0, Errors: 0, Skipped: 0, Time elapsed: 5.903 s - in com.twilio.rest.verify.v2.service.AccessTokenTest
[INFO] Running com.twilio.rest.verify.v2.service.entity.NewFactorTest
[INFO] Tests run: 11, Failures: 0, Errors: 0, Skipped: 0, Time elapsed: 12.536 s - in com.twilio.rest.taskrouter.v1.WorkspaceTest
[INFO] Running com.twilio.rest.verify.v2.service.entity.ChallengeTest
[INFO] Tests run: 9, Failures: 0, Errors: 0, Skipped: 0, Time elapsed: 10.916 s - in com.twilio.rest.verify.v2.service.EntityTest
[INFO] Running com.twilio.rest.verify.v2.service.entity.FactorTest
[INFO] Tests run: 11, Failures: 0, Errors: 0, Skipped: 0, Time elapsed: 10.997 s - in com.twilio.rest.verify.v2.service.MessagingConfigurationTest
[INFO] Running com.twilio.rest.verify.v2.service.entity.challenge.NotificationTest
[INFO] Tests run: 3, Failures: 0, Errors: 0, Skipped: 0, Time elapsed: 2.653 s - in com.twilio.rest.verify.v2.service.entity.NewFactorTest
[INFO] Running com.twilio.rest.verify.v2.TemplateTest
[INFO] Tests run: 11, Failures: 0, Errors: 0, Skipped: 0, Time elapsed: 12.782 s - in com.twilio.rest.verify.v2.service.WebhookTest
[INFO] Running com.twilio.rest.verify.v2.ServiceTest
[INFO] Tests run: 10, Failures: 0, Errors: 0, Skipped: 0, Time elapsed: 11.262 s - in com.twilio.rest.verify.v2.service.RateLimitTest
[INFO] Running com.twilio.rest.verify.v2.VerificationAttemptTest
[INFO] Tests run: 3, Failures: 0, Errors: 0, Skipped: 0, Time elapsed: 3.75 s - in com.twilio.rest.verify.v2.service.entity.challenge.NotificationTest
[INFO] Running com.twilio.rest.verify.v2.FormTest
[INFO] Tests run: 11, Failures: 0, Errors: 0, Skipped: 0, Time elapsed: 11.665 s - in com.twilio.rest.verify.v2.service.ratelimit.BucketTest
[INFO] Tests run: 2, Failures: 0, Errors: 0, Skipped: 0, Time elapsed: 2.395 s - in com.twilio.rest.verify.v2.TemplateTest
[INFO] Running com.twilio.rest.autopilot.v1.assistant.DefaultsTest
[INFO] Running com.twilio.rest.autopilot.v1.assistant.fieldtype.FieldValueTest
[INFO] Tests run: 2, Failures: 0, Errors: 0, Skipped: 0, Time elapsed: 2.311 s - in com.twilio.rest.verify.v2.FormTest
[INFO] Running com.twilio.rest.autopilot.v1.assistant.StyleSheetTest
[INFO] Tests run: 5, Failures: 0, Errors: 0, Skipped: 0, Time elapsed: 4.369 s - in com.twilio.rest.verify.v2.VerificationAttemptTest
[INFO] Running com.twilio.rest.autopilot.v1.assistant.DialogueTest
[INFO] Tests run: 4, Failures: 0, Errors: 0, Skipped: 0, Time elapsed: 4.09 s - in com.twilio.rest.autopilot.v1.assistant.DefaultsTest
[INFO] Running com.twilio.rest.autopilot.v1.assistant.WebhookTest
[INFO] Tests run: 10, Failures: 0, Errors: 0, Skipped: 0, Time elapsed: 16.727 s - in com.twilio.rest.verify.v2.service.VerificationTest
[INFO] Running com.twilio.rest.autopilot.v1.assistant.QueryTest
[INFO] Tests run: 2, Failures: 0, Errors: 0, Skipped: 0, Time elapsed: 2.122 s - in com.twilio.rest.autopilot.v1.assistant.DialogueTest
[INFO] Running com.twilio.rest.autopilot.v1.assistant.ModelBuildTest
[INFO] Tests run: 4, Failures: 0, Errors: 0, Skipped: 0, Time elapsed: 4.252 s - in com.twilio.rest.autopilot.v1.assistant.StyleSheetTest
[INFO] Running com.twilio.rest.autopilot.v1.assistant.TaskTest
[INFO] Tests run: 12, Failures: 0, Errors: 0, Skipped: 0, Time elapsed: 12.872 s - in com.twilio.rest.verify.v2.service.entity.FactorTest
[INFO] Running com.twilio.rest.autopilot.v1.assistant.task.TaskStatisticsTest
[INFO] Tests run: 12, Failures: 0, Errors: 0, Skipped: 0, Time elapsed: 13.242 s - in com.twilio.rest.verify.v2.service.entity.ChallengeTest
[INFO] Running com.twilio.rest.autopilot.v1.assistant.task.SampleTest
[INFO] Tests run: 9, Failures: 0, Errors: 0, Skipped: 0, Time elapsed: 9.422 s - in com.twilio.rest.autopilot.v1.assistant.fieldtype.FieldValueTest
[INFO] Running com.twilio.rest.autopilot.v1.assistant.task.TaskActionsTest
[INFO] Tests run: 10, Failures: 0, Errors: 0, Skipped: 0, Time elapsed: 11.136 s - in com.twilio.rest.verify.v2.ServiceTest
[INFO] Running com.twilio.rest.autopilot.v1.assistant.task.FieldTest
[INFO] Tests run: 2, Failures: 0, Errors: 0, Skipped: 0, Time elapsed: 2.452 s - in com.twilio.rest.autopilot.v1.assistant.task.TaskStatisticsTest
[INFO] Running com.twilio.rest.autopilot.v1.assistant.FieldTypeTest
[INFO] Tests run: 4, Failures: 0, Errors: 0, Skipped: 0, Time elapsed: 6.694 s - in com.twilio.rest.autopilot.v1.assistant.task.TaskActionsTest
[INFO] Running com.twilio.rest.autopilot.v1.RestoreAssistantTest
[INFO] Tests run: 11, Failures: 0, Errors: 0, Skipped: 0, Time elapsed: 14.442 s - in com.twilio.rest.autopilot.v1.assistant.WebhookTest
[INFO] Running com.twilio.rest.autopilot.v1.AssistantTest
[INFO] Tests run: 2, Failures: 0, Errors: 0, Skipped: 0, Time elapsed: 2.481 s - in com.twilio.rest.autopilot.v1.RestoreAssistantTest
[INFO] Running com.twilio.rest.trusthub.v1.TrustProductsTest
[INFO] Tests run: 11, Failures: 0, Errors: 0, Skipped: 0, Time elapsed: 13.289 s - in com.twilio.rest.autopilot.v1.assistant.ModelBuildTest
[INFO] Running com.twilio.rest.trusthub.v1.CustomerProfilesTest
[INFO] Tests run: 11, Failures: 0, Errors: 0, Skipped: 0, Time elapsed: 14.669 s - in com.twilio.rest.autopilot.v1.assistant.TaskTest
[INFO] Running com.twilio.rest.trusthub.v1.PoliciesTest
[INFO] Tests run: 9, Failures: 0, Errors: 0, Skipped: 0, Time elapsed: 12.867 s - in com.twilio.rest.autopilot.v1.assistant.task.FieldTest
[INFO] Running com.twilio.rest.trusthub.v1.SupportingDocumentTest
[INFO] Tests run: 11, Failures: 0, Errors: 0, Skipped: 0, Time elapsed: 16.639 s - in com.twilio.rest.autopilot.v1.assistant.task.SampleTest
[INFO] Running com.twilio.rest.trusthub.v1.EndUserTest
[INFO] Tests run: 11, Failures: 0, Errors: 0, Skipped: 0, Time elapsed: 22.008 s - in com.twilio.rest.autopilot.v1.assistant.QueryTest
[INFO] Running com.twilio.rest.trusthub.v1.customerprofiles.CustomerProfilesChannelEndpointAssignmentTest
[INFO] Tests run: 11, Failures: 0, Errors: 0, Skipped: 0, Time elapsed: 17.833 s - in com.twilio.rest.autopilot.v1.assistant.FieldTypeTest
[INFO] Running com.twilio.rest.trusthub.v1.customerprofiles.CustomerProfilesEntityAssignmentsTest
[INFO] Tests run: 5, Failures: 0, Errors: 0, Skipped: 0, Time elapsed: 9.174 s - in com.twilio.rest.trusthub.v1.PoliciesTest
[INFO] Running com.twilio.rest.trusthub.v1.customerprofiles.CustomerProfilesEvaluationsTest
[INFO] Tests run: 11, Failures: 0, Errors: 0, Skipped: 0, Time elapsed: 14.284 s - in com.twilio.rest.autopilot.v1.AssistantTest
[INFO] Running com.twilio.rest.trusthub.v1.SupportingDocumentTypeTest
[INFO] Tests run: 11, Failures: 0, Errors: 0, Skipped: 0, Time elapsed: 14.678 s - in com.twilio.rest.trusthub.v1.CustomerProfilesTest
[INFO] Running com.twilio.rest.trusthub.v1.trustproducts.TrustProductsChannelEndpointAssignmentTest
[INFO] Tests run: 11, Failures: 0, Errors: 0, Skipped: 0, Time elapsed: 15.548 s - in com.twilio.rest.trusthub.v1.TrustProductsTest
[INFO] Running com.twilio.rest.trusthub.v1.trustproducts.TrustProductsEvaluationsTest
[INFO] Tests run: 11, Failures: 0, Errors: 0, Skipped: 0, Time elapsed: 13.876 s - in com.twilio.rest.trusthub.v1.SupportingDocumentTest
[INFO] Running com.twilio.rest.trusthub.v1.trustproducts.TrustProductsEntityAssignmentsTest
[INFO] Tests run: 7, Failures: 0, Errors: 0, Skipped: 0, Time elapsed: 8.067 s - in com.twilio.rest.trusthub.v1.customerprofiles.CustomerProfilesEvaluationsTest
[INFO] Running com.twilio.rest.trusthub.v1.EndUserTypeTest
[INFO] Tests run: 5, Failures: 0, Errors: 0, Skipped: 0, Time elapsed: 5.521 s - in com.twilio.rest.trusthub.v1.SupportingDocumentTypeTest
[INFO] Running com.twilio.rest.serverless.v1.service.EnvironmentTest
[INFO] Tests run: 11, Failures: 0, Errors: 0, Skipped: 0, Time elapsed: 13.564 s - in com.twilio.rest.trusthub.v1.EndUserTest
[INFO] Running com.twilio.rest.serverless.v1.service.function.FunctionVersionTest
[INFO] Tests run: 9, Failures: 0, Errors: 0, Skipped: 0, Time elapsed: 10.226 s - in com.twilio.rest.trusthub.v1.customerprofiles.CustomerProfilesEntityAssignmentsTest
[INFO] Running com.twilio.rest.serverless.v1.service.function.functionversion.FunctionVersionContentTest
[INFO] Tests run: 2, Failures: 0, Errors: 0, Skipped: 0, Time elapsed: 2.522 s - in com.twilio.rest.serverless.v1.service.function.functionversion.FunctionVersionContentTest
[INFO] Running com.twilio.rest.serverless.v1.service.build.BuildStatusTest
[INFO] Tests run: 7, Failures: 0, Errors: 0, Skipped: 0, Time elapsed: 7.407 s - in com.twilio.rest.trusthub.v1.trustproducts.TrustProductsEvaluationsTest
[INFO] Running com.twilio.rest.serverless.v1.service.environment.LogTest
[INFO] Tests run: 9, Failures: 0, Errors: 0, Skipped: 0, Time elapsed: 15.279 s - in com.twilio.rest.trusthub.v1.customerprofiles.CustomerProfilesChannelEndpointAssignmentTest
[INFO] Running com.twilio.rest.serverless.v1.service.environment.VariableTest
[INFO] Tests run: 4, Failures: 0, Errors: 0, Skipped: 0, Time elapsed: 4.538 s - in com.twilio.rest.serverless.v1.service.function.FunctionVersionTest
[INFO] Running com.twilio.rest.serverless.v1.service.environment.DeploymentTest
[INFO] Tests run: 5, Failures: 0, Errors: 0, Skipped: 0, Time elapsed: 5.284 s - in com.twilio.rest.trusthub.v1.EndUserTypeTest
[INFO] Running com.twilio.rest.serverless.v1.service.FunctionTest
[INFO] Tests run: 2, Failures: 0, Errors: 0, Skipped: 0, Time elapsed: 2.242 s - in com.twilio.rest.serverless.v1.service.build.BuildStatusTest
[INFO] Running com.twilio.rest.serverless.v1.service.asset.AssetVersionTest
[INFO] Tests run: 9, Failures: 0, Errors: 0, Skipped: 0, Time elapsed: 10.176 s - in com.twilio.rest.trusthub.v1.trustproducts.TrustProductsChannelEndpointAssignmentTest
[INFO] Running com.twilio.rest.serverless.v1.service.BuildTest
[INFO] Tests run: 4, Failures: 0, Errors: 0, Skipped: 0, Time elapsed: 4.269 s - in com.twilio.rest.serverless.v1.service.environment.LogTest
[INFO] Running com.twilio.rest.serverless.v1.service.AssetTest
[INFO] Tests run: 9, Failures: 0, Errors: 0, Skipped: 0, Time elapsed: 10.843 s - in com.twilio.rest.trusthub.v1.trustproducts.TrustProductsEntityAssignmentsTest
[INFO] Running com.twilio.rest.serverless.v1.ServiceTest
[INFO] Tests run: 8, Failures: 0, Errors: 0, Skipped: 0, Time elapsed: 9.702 s - in com.twilio.rest.serverless.v1.service.EnvironmentTest
[INFO] Tests run: 4, Failures: 0, Errors: 0, Skipped: 0, Time elapsed: 5.772 s - in com.twilio.rest.serverless.v1.service.asset.AssetVersionTest
[INFO] Tests run: 6, Failures: 0, Errors: 0, Skipped: 0, Time elapsed: 6.922 s - in com.twilio.rest.serverless.v1.service.environment.DeploymentTest
[INFO] Tests run: 8, Failures: 0, Errors: 0, Skipped: 0, Time elapsed: 7.904 s - in com.twilio.rest.serverless.v1.service.BuildTest
[INFO] Tests run: 10, Failures: 0, Errors: 0, Skipped: 0, Time elapsed: 10.386 s - in com.twilio.rest.serverless.v1.service.FunctionTest
[INFO] Tests run: 10, Failures: 0, Errors: 0, Skipped: 0, Time elapsed: 9.572 s - in com.twilio.rest.serverless.v1.service.AssetTest
[INFO] Tests run: 10, Failures: 0, Errors: 0, Skipped: 0, Time elapsed: 14.262 s - in com.twilio.rest.serverless.v1.service.environment.VariableTest
[INFO] Tests run: 10, Failures: 0, Errors: 0, Skipped: 0, Time elapsed: 9.341 s - in com.twilio.rest.serverless.v1.ServiceTest
[INFO] 
[INFO] Results:
[INFO] 
[INFO] Tests run: 3692, Failures: 0, Errors: 0, Skipped: 0
[INFO] 
[INFO] 
[INFO] --- jacoco-maven-plugin:0.8.7:report (report) @ twilio ---
[INFO] Loading execution data file /home/twiix/Documents/soffan/twilio-java/target/jacoco.exec
[INFO] Analyzed bundle 'twilio' with 2375 classes
[INFO] ------------------------------------------------------------------------
[INFO] BUILD SUCCESS
[INFO] ------------------------------------------------------------------------
[INFO] Total time:  09:03 min
[INFO] Finished at: 2022-03-03T09:37:26+01:00
[INFO] ------------------------------------------------------------------------
